Using pre-set license
Built from '2021.3/release' branch; Version is '2021.3.12f1 (8af3c3e441b1) revision 9106371'; Using compiler version '192829333'; Build Type 'Release'
OS: 'Windows 10  (10.0.19045) 64bit Core' Language: 'en' Physical Memory: 32619 MB
BatchMode: 1, IsHumanControllingUs: 0, StartBugReporterOnCrash: 0, Is64bit: 1, IsPro: 1

COMMAND LINE ARGUMENTS:
D:\Unity\2021.3.12f1\Editor\Unity.exe
-adb2
-batchMode
-noUpm
-name
AssetImportWorker2
-projectPath
D:/My project
-logFile
Logs/AssetImportWorker2.log
-srvPort
60583
Successfully changed project path to: D:/My project
D:/My project
[UnityMemory] Configuration Parameters - Can be set up in boot.config
    "memorysetup-bucket-allocator-granularity=16"
    "memorysetup-bucket-allocator-bucket-count=8"
    "memorysetup-bucket-allocator-block-size=33554432"
    "memorysetup-bucket-allocator-block-count=8"
    "memorysetup-main-allocator-block-size=16777216"
    "memorysetup-thread-allocator-block-size=16777216"
    "memorysetup-gfx-main-allocator-block-size=16777216"
    "memorysetup-gfx-thread-allocator-block-size=16777216"
    "memorysetup-cache-allocator-block-size=4194304"
    "memorysetup-typetree-allocator-block-size=2097152"
    "memorysetup-profiler-bucket-allocator-granularity=16"
    "memorysetup-profiler-bucket-allocator-bucket-count=8"
    "memorysetup-profiler-bucket-allocator-block-size=33554432"
    "memorysetup-profiler-bucket-allocator-block-count=8"
    "memorysetup-profiler-allocator-block-size=16777216"
    "memorysetup-profiler-editor-allocator-block-size=1048576"
    "memorysetup-temp-allocator-size-main=16777216"
    "memorysetup-job-temp-allocator-block-size=2097152"
    "memorysetup-job-temp-allocator-block-size-background=1048576"
    "memorysetup-job-temp-allocator-reduction-small-platforms=262144"
    "memorysetup-temp-allocator-size-background-worker=32768"
    "memorysetup-temp-allocator-size-job-worker=262144"
    "memorysetup-temp-allocator-size-preload-manager=33554432"
    "memorysetup-temp-allocator-size-nav-mesh-worker=65536"
    "memorysetup-temp-allocator-size-audio-worker=65536"
    "memorysetup-temp-allocator-size-cloud-worker=32768"
    "memorysetup-temp-allocator-size-gi-baking-worker=262144"
    "memorysetup-temp-allocator-size-gfx=262144"
Refreshing native plugins compatible for Editor in 163.15 ms, found 3 plugins.
Preloading 0 native plugins for Editor in 0.00 ms.
Initialize engine version: 2021.3.12f1 (8af3c3e441b1)
[Subsystems] Discovering subsystems at path D:/Unity/2021.3.12f1/Editor/Data/Resources/UnitySubsystems
[Subsystems] Discovering subsystems at path D:/My project/Assets
GfxDevice: creating device client; threaded=0; jobified=0
Direct3D:
    Version:  Direct3D 11.0 [level 11.1]
    Renderer: NVIDIA GeForce GTX 1650 (ID=0x1f91)
    Vendor:   NVIDIA
    VRAM:     3962 MB
    Driver:   30.0.15.1278
Initialize mono
Mono path[0] = 'D:/Unity/2021.3.12f1/Editor/Data/Managed'
Mono path[1] = 'D:/Unity/2021.3.12f1/Editor/Data/MonoBleedingEdge/lib/mono/unityjit-win32'
Mono config path = 'D:/Unity/2021.3.12f1/Editor/Data/MonoBleedingEdge/etc'
Using monoOptions --debugger-agent=transport=dt_socket,embedding=1,server=y,suspend=n,address=127.0.0.1:56536
Begin MonoManager ReloadAssembly
Registering precompiled unity dll's ...
Register platform support module: D:/Unity/2021.3.12f1/Editor/Data/PlaybackEngines/WebGLSupport/UnityEditor.WebGL.Extensions.dll
Register platform support module: D:/Unity/2021.3.12f1/Editor/Data/PlaybackEngines/WindowsStandaloneSupport/UnityEditor.WindowsStandalone.Extensions.dll
Register platform support module: D:/Unity/2021.3.12f1/Editor/Data/PlaybackEngines/LinuxStandaloneSupport/UnityEditor.LinuxStandalone.Extensions.dll
Register platform support module: D:/Unity/2021.3.12f1/Editor/Data/PlaybackEngines/MetroSupport/UnityEditor.UWP.Extensions.dll
Registered in 0.004857 seconds.
Native extension for UWP target not found
Native extension for LinuxStandalone target not found
Native extension for WindowsStandalone target not found
Native extension for WebGL target not found
Refreshing native plugins compatible for Editor in 118.61 ms, found 3 plugins.
Preloading 0 native plugins for Editor in 0.00 ms.
Mono: successfully reloaded assembly
- Completed reload, in  1.038 seconds
Domain Reload Profiling:
	ReloadAssembly (1038ms)
		BeginReloadAssembly (109ms)
			ExecutionOrderSort (0ms)
			DisableScriptedObjects (0ms)
			BackupInstance (0ms)
			ReleaseScriptingObjects (0ms)
			CreateAndSetChildDomain (1ms)
		EndReloadAssembly (686ms)
			LoadAssemblies (109ms)
			RebuildTransferFunctionScriptingTraits (0ms)
			SetupTypeCache (266ms)
			ReleaseScriptCaches (0ms)
			RebuildScriptCaches (30ms)
			SetupLoadedEditorAssemblies (337ms)
				LogAssemblyErrors (0ms)
				InitializePlatformSupportModulesInManaged (10ms)
				SetLoadedEditorAssemblies (0ms)
				RefreshPlugins (119ms)
				BeforeProcessingInitializeOnLoad (1ms)
				ProcessInitializeOnLoadAttributes (148ms)
				ProcessInitializeOnLoadMethodAttributes (58ms)
				AfterProcessingInitializeOnLoad (0ms)
				EditorAssembliesLoaded (0ms)
			ExecutionOrderSort2 (0ms)
			AwakeInstancesAfterBackupRestoration (0ms)
Platform modules already initialized, skipping
Registering precompiled user dll's ...
Registered in 0.015496 seconds.
Begin MonoManager ReloadAssembly
Symbol file LoadedFromMemory doesn't match image D:\My project\Library\PackageCache\com.unity.visualscripting@1.7.8\Editor\VisualScripting.Core\Dependencies\YamlDotNet\Unity.VisualScripting.YamlDotNet.dll
Symbol file LoadedFromMemory doesn't match image D:\My project\Library\PackageCache\com.unity.visualscripting@1.7.8\Editor\VisualScripting.Core\Dependencies\DotNetZip\Unity.VisualScripting.IonicZip.dll
Native extension for UWP target not found
Native extension for LinuxStandalone target not found
Native extension for WindowsStandalone target not found
Native extension for WebGL target not found
Refreshing native plugins compatible for Editor in 1.01 ms, found 3 plugins.
Preloading 0 native plugins for Editor in 0.00 ms.
Launched and connected shader compiler UnityShaderCompiler.exe after 0.10 seconds
Mono: successfully reloaded assembly
- Completed reload, in  2.155 seconds
Domain Reload Profiling:
	ReloadAssembly (2156ms)
		BeginReloadAssembly (162ms)
			ExecutionOrderSort (0ms)
			DisableScriptedObjects (7ms)
			BackupInstance (0ms)
			ReleaseScriptingObjects (0ms)
			CreateAndSetChildDomain (28ms)
		EndReloadAssembly (1869ms)
			LoadAssemblies (138ms)
			RebuildTransferFunctionScriptingTraits (0ms)
			SetupTypeCache (369ms)
			ReleaseScriptCaches (1ms)
			RebuildScriptCaches (79ms)
			SetupLoadedEditorAssemblies (1273ms)
				LogAssemblyErrors (0ms)
				InitializePlatformSupportModulesInManaged (9ms)
				SetLoadedEditorAssemblies (1ms)
				RefreshPlugins (1ms)
				BeforeProcessingInitializeOnLoad (108ms)
				ProcessInitializeOnLoadAttributes (736ms)
				ProcessInitializeOnLoadMethodAttributes (415ms)
				AfterProcessingInitializeOnLoad (4ms)
				EditorAssembliesLoaded (0ms)
			ExecutionOrderSort2 (0ms)
			AwakeInstancesAfterBackupRestoration (6ms)
Platform modules already initialized, skipping
========================================================================
Worker process is ready to serve import requests
Refreshing native plugins compatible for Editor in 1.36 ms, found 3 plugins.
Preloading 0 native plugins for Editor in 0.00 ms.
Unloading 4097 Unused Serialized files (Serialized files now loaded: 0)
Unloading 42 unused Assets / (115.8 KB). Loaded Objects now: 4633.
Memory consumption went from 151.6 MB to 151.5 MB.
Total: 14.362800 ms (FindLiveObjects: 0.320000 ms CreateObjectMapping: 0.248700 ms MarkObjects: 13.665500 ms  DeleteObjects: 0.127600 ms)

AssetImportParameters requested are different than current active one (requested -> active):
  custom:video-decoder-ogg-theora: a1e56fd34408186e4bbccfd4996cb3dc -> 
  custom:container-muxer-webm: aa71ff27fc2769a1b78a27578f13a17b -> 
  custom:container-demuxer-webm: 4f35f7cbe854078d1ac9338744f61a02 -> 
  custom:video-encoder-webm-vp8: eb34c28f22e8b96e1ab97ce403110664 -> 
  custom:video-codec-MediaFoundation-h265: 746d11721c4dcdbdad8f713fa42b33f4 -> 
  custom:audio-encoder-webm-vorbis: bf7c407c2cedff20999df2af8eb42d56 -> 
  custom:framework-win-MediaFoundation: 216162199b28c13a410421893ffa2e32 -> 
  custom:container-demuxer-ogg: 62fdf1f143b41e24485cea50d1cbac27 -> 
  custom:video-decoder-webm-vp8: 9c59270c3fd7afecdb556c50c9e8de78 -> 
  custom:audio-decoder-ogg-vorbis: bf7c407c2cedff20999df2af8eb42d56 -> 
========================================================================
Received Import Request.
  Time since last request: 1943997.635247 seconds.
  path: Assets/ProceduralUIImage/Demo/Icons/copy.png
  artifactKey: Guid(5a984bff39e031944bdd8fc5ae443bd8) Importer(815301076,1909f56bfc062723c751e8b465ee728b)
Start importing Assets/ProceduralUIImage/Demo/Icons/copy.png using Guid(5a984bff39e031944bdd8fc5ae443bd8) Importer(815301076,1909f56bfc062723c751e8b465ee728b)  -> (artifact id: '483c5a2cfabd4b5ac67d4e278d840d9e') in 0.179780 seconds 
========================================================================
Received Import Request.
  Time since last request: 59.500146 seconds.
  path: Assets/Cainos/Pixel Art Icon Pack - RPG/Texture/Weapon & Tool/Magic Wand.png
  artifactKey: Guid(40d526b51d159064f851539ce7779eec) Importer(815301076,1909f56bfc062723c751e8b465ee728b)
Start importing Assets/Cainos/Pixel Art Icon Pack - RPG/Texture/Weapon & Tool/Magic Wand.png using Guid(40d526b51d159064f851539ce7779eec) Importer(815301076,1909f56bfc062723c751e8b465ee728b)  -> (artifact id: '967531342b02b8537506daf61ba7f572') in 0.024756 seconds 
========================================================================
Received Import Request.
  Time since last request: 0.059581 seconds.
  path: Assets/Cainos/Pixel Art Icon Pack - RPG/Texture/Food/Meat.png
  artifactKey: Guid(14e62563269c11443b9c936be93b95f4) Importer(815301076,1909f56bfc062723c751e8b465ee728b)
Start importing Assets/Cainos/Pixel Art Icon Pack - RPG/Texture/Food/Meat.png using Guid(14e62563269c11443b9c936be93b95f4) Importer(815301076,1909f56bfc062723c751e8b465ee728b)  -> (artifact id: '0e996298b7304104c18d73ecd4584d00') in 0.022778 seconds 
========================================================================
Received Import Request.
  Time since last request: 11.916095 seconds.
  path: Assets/ProceduralUIImage/Demo/Icons/minus.png
  artifactKey: Guid(99ad5b20d35bc39408c97010106b185f) Importer(815301076,1909f56bfc062723c751e8b465ee728b)
Start importing Assets/ProceduralUIImage/Demo/Icons/minus.png using Guid(99ad5b20d35bc39408c97010106b185f) Importer(815301076,1909f56bfc062723c751e8b465ee728b)  -> (artifact id: '9cbee5834f13eda956992ec2767f7d01') in 0.018433 seconds 
========================================================================
Received Import Request.
  Time since last request: 1.290808 seconds.
  path: Assets/Cainos/Pixel Art Icon Pack - RPG/Texture/Monster Part/Monster Egg.png
  artifactKey: Guid(d62fc87d7e2c1d740b3afc4193abf641) Importer(815301076,1909f56bfc062723c751e8b465ee728b)
Start importing Assets/Cainos/Pixel Art Icon Pack - RPG/Texture/Monster Part/Monster Egg.png using Guid(d62fc87d7e2c1d740b3afc4193abf641) Importer(815301076,1909f56bfc062723c751e8b465ee728b)  -> (artifact id: '3ed02a22809145e5bea211c925ff462f') in 0.027427 seconds 
========================================================================
Received Import Request.
  Time since last request: 0.061714 seconds.
  path: Assets/Cainos/Pixel Art Icon Pack - RPG/Texture/Food/Mushroom.png
  artifactKey: Guid(966ff550585ec504896a28b55fd7281c) Importer(815301076,1909f56bfc062723c751e8b465ee728b)
Start importing Assets/Cainos/Pixel Art Icon Pack - RPG/Texture/Food/Mushroom.png using Guid(966ff550585ec504896a28b55fd7281c) Importer(815301076,1909f56bfc062723c751e8b465ee728b)  -> (artifact id: 'f5ed6ea9ddaac7f3226ef727c368fa94') in 0.018524 seconds 
========================================================================
Received Import Request.
  Time since last request: 7.695917 seconds.
  path: Assets/Cainos/Pixel Art Icon Pack - RPG/Texture/Ore & Gem/Obsidian.png
  artifactKey: Guid(edcbd57032ccbd44e9f228cdd323ab50) Importer(815301076,1909f56bfc062723c751e8b465ee728b)
Start importing Assets/Cainos/Pixel Art Icon Pack - RPG/Texture/Ore & Gem/Obsidian.png using Guid(edcbd57032ccbd44e9f228cdd323ab50) Importer(815301076,1909f56bfc062723c751e8b465ee728b)  -> (artifact id: '2d95f6c3a913be2983557417b49a1d97') in 0.018146 seconds 
========================================================================
Received Import Request.
  Time since last request: 0.125354 seconds.
  path: Assets/Cainos/Pixel Art Icon Pack - RPG/Texture/Material/Paper.png
  artifactKey: Guid(615ecf391b0ba0b40a9c3882ac5e6afc) Importer(815301076,1909f56bfc062723c751e8b465ee728b)
Start importing Assets/Cainos/Pixel Art Icon Pack - RPG/Texture/Material/Paper.png using Guid(615ecf391b0ba0b40a9c3882ac5e6afc) Importer(815301076,1909f56bfc062723c751e8b465ee728b)  -> (artifact id: '085ca49ff34a3b6c3251c4668b69a3df') in 0.018219 seconds 
========================================================================
Received Import Request.
  Time since last request: 16.495100 seconds.
  path: Assets/ProceduralUIImage/Demo/Icons/share.png
  artifactKey: Guid(97a3b52ceb3e78d49acd20116705b823) Importer(815301076,1909f56bfc062723c751e8b465ee728b)
Start importing Assets/ProceduralUIImage/Demo/Icons/share.png using Guid(97a3b52ceb3e78d49acd20116705b823) Importer(815301076,1909f56bfc062723c751e8b465ee728b)  -> (artifact id: 'e852bc6f89c0ded66a37ccd1b360b363') in 0.016941 seconds 
========================================================================
Received Import Request.
  Time since last request: 0.803888 seconds.
  path: Assets/YAFUI/Icons/png128/sign-caution.png
  artifactKey: Guid(feb512b54ce7127479bdcdb70fd9830d) Importer(815301076,1909f56bfc062723c751e8b465ee728b)
Start importing Assets/YAFUI/Icons/png128/sign-caution.png using Guid(feb512b54ce7127479bdcdb70fd9830d) Importer(815301076,1909f56bfc062723c751e8b465ee728b)  -> (artifact id: '67fc0a7cd635b13693ead1c1191a26a1') in 0.029846 seconds 
========================================================================
Received Import Request.
  Time since last request: 0.000026 seconds.
  path: Assets/YAFUI/Icons/png128/signal-4g.png
  artifactKey: Guid(5ffc00b3f9c681e4da305b6388c665ad) Importer(815301076,1909f56bfc062723c751e8b465ee728b)
Start importing Assets/YAFUI/Icons/png128/signal-4g.png using Guid(5ffc00b3f9c681e4da305b6388c665ad) Importer(815301076,1909f56bfc062723c751e8b465ee728b)  -> (artifact id: '84651b9b66fe94e0f046962c08d6dfd2') in 0.023361 seconds 
========================================================================
Received Import Request.
  Time since last request: 0.000032 seconds.
  path: Assets/YAFUI/Icons/png128/signal-2g.png
  artifactKey: Guid(f649429d716c2f647a297766f2846463) Importer(815301076,1909f56bfc062723c751e8b465ee728b)
Start importing Assets/YAFUI/Icons/png128/signal-2g.png using Guid(f649429d716c2f647a297766f2846463) Importer(815301076,1909f56bfc062723c751e8b465ee728b)  -> (artifact id: '44f5bcfeb9cbd180ad53c9a136ea181e') in 0.023621 seconds 
========================================================================
Received Import Request.
  Time since last request: 0.000016 seconds.
  path: Assets/YAFUI/Icons/png128/skip-previous.png
  artifactKey: Guid(797dcc3c01af85045ad6b3dac13cf21c) Importer(815301076,1909f56bfc062723c751e8b465ee728b)
Start importing Assets/YAFUI/Icons/png128/skip-previous.png using Guid(797dcc3c01af85045ad6b3dac13cf21c) Importer(815301076,1909f56bfc062723c751e8b465ee728b)  -> (artifact id: 'cd40eb8d7feefa66d089c9d6dc2e842b') in 0.020852 seconds 
========================================================================
Received Import Request.
  Time since last request: 0.000017 seconds.
  path: Assets/YAFUI/Icons/png128/signal-3g.png
  artifactKey: Guid(a8a091b1941e08d47aa3e9d8f3172479) Importer(815301076,1909f56bfc062723c751e8b465ee728b)
Start importing Assets/YAFUI/Icons/png128/signal-3g.png using Guid(a8a091b1941e08d47aa3e9d8f3172479) Importer(815301076,1909f56bfc062723c751e8b465ee728b)  -> (artifact id: '02b7f404dde55fd38a29bb3e1d5d8daf') in 0.019955 seconds 
========================================================================
Received Import Request.
  Time since last request: 0.000027 seconds.
  path: Assets/Cainos/Pixel Art Icon Pack - RPG/Texture/Ore & Gem/Silver Nugget.png
  artifactKey: Guid(e504bf3779bda9c40ba6d311e0611951) Importer(815301076,1909f56bfc062723c751e8b465ee728b)
Start importing Assets/Cainos/Pixel Art Icon Pack - RPG/Texture/Ore & Gem/Silver Nugget.png using Guid(e504bf3779bda9c40ba6d311e0611951) Importer(815301076,1909f56bfc062723c751e8b465ee728b)  -> (artifact id: 'cbe42394ed99d6060abd85bce4dc58f4') in 0.020153 seconds 
========================================================================
Received Import Request.
  Time since last request: 0.000020 seconds.
  path: Assets/Cainos/Pixel Art Icon Pack - RPG/Texture/Misc/Silver Key.png
  artifactKey: Guid(17c2d0550f9d2f9418f458279eb57c65) Importer(815301076,1909f56bfc062723c751e8b465ee728b)
Start importing Assets/Cainos/Pixel Art Icon Pack - RPG/Texture/Misc/Silver Key.png using Guid(17c2d0550f9d2f9418f458279eb57c65) Importer(815301076,1909f56bfc062723c751e8b465ee728b)  -> (artifact id: '974eddb975b30b7d497dbf78b58f2242') in 0.020383 seconds 
========================================================================
Received Import Request.
  Time since last request: 0.000059 seconds.
  path: Assets/YAFUI/Icons/png128/skip-next.png
  artifactKey: Guid(9e190088d6cbda947af3225c0ceff917) Importer(815301076,1909f56bfc062723c751e8b465ee728b)
Start importing Assets/YAFUI/Icons/png128/skip-next.png using Guid(9e190088d6cbda947af3225c0ceff917) Importer(815301076,1909f56bfc062723c751e8b465ee728b)  -> (artifact id: '63b5e3448b65da9764881beb5adb84a0') in 0.022029 seconds 
========================================================================
Received Import Request.
  Time since last request: 0.000020 seconds.
  path: Assets/YAFUI/Icons/png128/signal-off.png
  artifactKey: Guid(1fa9350337879234e91fee7a9db88588) Importer(815301076,1909f56bfc062723c751e8b465ee728b)
Start importing Assets/YAFUI/Icons/png128/signal-off.png using Guid(1fa9350337879234e91fee7a9db88588) Importer(815301076,1909f56bfc062723c751e8b465ee728b)  -> (artifact id: 'b4e8ca22cc559424fcbf57a81cc5503c') in 0.022536 seconds 
========================================================================
Received Import Request.
  Time since last request: 0.000020 seconds.
  path: Assets/YAFUI/Icons/png128/skip-forward.png
  artifactKey: Guid(b190602c7e5f10c47b4d95e63ad60a42) Importer(815301076,1909f56bfc062723c751e8b465ee728b)
Start importing Assets/YAFUI/Icons/png128/skip-forward.png using Guid(b190602c7e5f10c47b4d95e63ad60a42) Importer(815301076,1909f56bfc062723c751e8b465ee728b)  -> (artifact id: 'cd800b4ed1063be78a5d141e7f603760') in 0.024587 seconds 
========================================================================
Received Import Request.
  Time since last request: 0.000025 seconds.
  path: Assets/YAFUI/Icons/png128/signal.png
  artifactKey: Guid(12332e2f9f12c904bafeb155866c7ada) Importer(815301076,1909f56bfc062723c751e8b465ee728b)
Start importing Assets/YAFUI/Icons/png128/signal.png using Guid(12332e2f9f12c904bafeb155866c7ada) Importer(815301076,1909f56bfc062723c751e8b465ee728b)  -> (artifact id: '5efef6563c21c5305a1578c3c1135d6d') in 0.020265 seconds 
========================================================================
Received Import Request.
  Time since last request: 0.000046 seconds.
  path: Assets/Cainos/Pixel Art Icon Pack - RPG/Texture/Misc/Silver Coin.png
  artifactKey: Guid(83f2beb3e2ba2e347b4b0d5d63d0373b) Importer(815301076,1909f56bfc062723c751e8b465ee728b)
Start importing Assets/Cainos/Pixel Art Icon Pack - RPG/Texture/Misc/Silver Coin.png using Guid(83f2beb3e2ba2e347b4b0d5d63d0373b) Importer(815301076,1909f56bfc062723c751e8b465ee728b)  -> (artifact id: 'b77683fd46963c8b6ef67071ea4b5e4e') in 0.019639 seconds 
========================================================================
Received Import Request.
  Time since last request: 0.000047 seconds.
  path: Assets/YAFUI/Icons/png128/sign-text.png
  artifactKey: Guid(fd76ab80e7ff79a4e9e767d9f1d79cbb) Importer(815301076,1909f56bfc062723c751e8b465ee728b)
Start importing Assets/YAFUI/Icons/png128/sign-text.png using Guid(fd76ab80e7ff79a4e9e767d9f1d79cbb) Importer(815301076,1909f56bfc062723c751e8b465ee728b)  -> (artifact id: '9833252e7bc184fcf4d6daf3699ccff1') in 0.022009 seconds 
========================================================================
Received Import Request.
  Time since last request: 0.000029 seconds.
  path: Assets/YAFUI/Icons/png128/sim.png
  artifactKey: Guid(42e9edfe868d0b746ad41d8737f4dc5e) Importer(815301076,1909f56bfc062723c751e8b465ee728b)
Start importing Assets/YAFUI/Icons/png128/sim.png using Guid(42e9edfe868d0b746ad41d8737f4dc5e) Importer(815301076,1909f56bfc062723c751e8b465ee728b)  -> (artifact id: 'fad4d54fbbcfadad185966c25c9aebb8') in 0.023348 seconds 
========================================================================
Received Import Request.
  Time since last request: 0.125869 seconds.
  path: Assets/YAFUI/Icons/png128/skip-previous-circle.png
  artifactKey: Guid(7690bb67918c1e842a6fe7278852284c) Importer(815301076,1909f56bfc062723c751e8b465ee728b)
Start importing Assets/YAFUI/Icons/png128/skip-previous-circle.png using Guid(7690bb67918c1e842a6fe7278852284c) Importer(815301076,1909f56bfc062723c751e8b465ee728b)  -> (artifact id: 'cfab6abde29b28510ad2e34aaa825572') in 0.026154 seconds 
========================================================================
Received Import Request.
  Time since last request: 0.000041 seconds.
  path: Assets/YAFUI/Icons/png128/skype-business.png
  artifactKey: Guid(04393b3e27963b844ad90627b941aea3) Importer(815301076,1909f56bfc062723c751e8b465ee728b)
Start importing Assets/YAFUI/Icons/png128/skype-business.png using Guid(04393b3e27963b844ad90627b941aea3) Importer(815301076,1909f56bfc062723c751e8b465ee728b)  -> (artifact id: '90803504956c9230e248094668322af6') in 0.024806 seconds 
========================================================================
Received Import Request.
  Time since last request: 0.000019 seconds.
  path: Assets/YAFUI/Icons/png128/skype.png
  artifactKey: Guid(347b2e89aaf10fc4d87bb28bc2a08810) Importer(815301076,1909f56bfc062723c751e8b465ee728b)
Start importing Assets/YAFUI/Icons/png128/skype.png using Guid(347b2e89aaf10fc4d87bb28bc2a08810) Importer(815301076,1909f56bfc062723c751e8b465ee728b)  -> (artifact id: 'c91133813f8521287828de58e7592413') in 0.023307 seconds 
========================================================================
Received Import Request.
  Time since last request: 0.000092 seconds.
  path: Assets/YAFUI/Icons/png128/sleep.png
  artifactKey: Guid(8ae70123449ef1e4c94d5af9530643da) Importer(815301076,1909f56bfc062723c751e8b465ee728b)
Start importing Assets/YAFUI/Icons/png128/sleep.png using Guid(8ae70123449ef1e4c94d5af9530643da) Importer(815301076,1909f56bfc062723c751e8b465ee728b)  -> (artifact id: '6eb906ad912d519e7e2145e07183984b') in 0.029593 seconds 
========================================================================
Received Import Request.
  Time since last request: 0.000094 seconds.
  path: Assets/YAFUI/Icons/png128/smoking-off.png
  artifactKey: Guid(42854a19a0b830046ac6295f180c2905) Importer(815301076,1909f56bfc062723c751e8b465ee728b)
Start importing Assets/YAFUI/Icons/png128/smoking-off.png using Guid(42854a19a0b830046ac6295f180c2905) Importer(815301076,1909f56bfc062723c751e8b465ee728b)  -> (artifact id: 'e185cf2b2df8a814ef2c0f64fec624c3') in 0.023047 seconds 
========================================================================
Received Import Request.
  Time since last request: 0.000032 seconds.
  path: Assets/YAFUI/Icons/png128/sort.png
  artifactKey: Guid(82ac55c75c582ff4a9cf26b4c8a936c9) Importer(815301076,1909f56bfc062723c751e8b465ee728b)
Start importing Assets/YAFUI/Icons/png128/sort.png using Guid(82ac55c75c582ff4a9cf26b4c8a936c9) Importer(815301076,1909f56bfc062723c751e8b465ee728b)  -> (artifact id: '9632f6f9a08bf7ad81058efaee2c6e8b') in 0.020364 seconds 
========================================================================
Received Import Request.
  Time since last request: 0.000040 seconds.
  path: Assets/YAFUI/Icons/png128/sort-alphabetical.png
  artifactKey: Guid(f72d230af0ae6e843b9f65d0dcbf646a) Importer(815301076,1909f56bfc062723c751e8b465ee728b)
Start importing Assets/YAFUI/Icons/png128/sort-alphabetical.png using Guid(f72d230af0ae6e843b9f65d0dcbf646a) Importer(815301076,1909f56bfc062723c751e8b465ee728b)  -> (artifact id: '24c108cb9c89a2049b1ba1c711f256d5') in 0.020626 seconds 
========================================================================
Received Import Request.
  Time since last request: 0.000032 seconds.
  path: Assets/YAFUI/Icons/png128/solid.png
  artifactKey: Guid(fe252bb47e642784494b8e8217e55434) Importer(815301076,1909f56bfc062723c751e8b465ee728b)
Start importing Assets/YAFUI/Icons/png128/solid.png using Guid(fe252bb47e642784494b8e8217e55434) Importer(815301076,1909f56bfc062723c751e8b465ee728b)  -> (artifact id: '2c2a2a7daab28f2bea15401f7036850b') in 0.023370 seconds 
========================================================================
Received Import Request.
  Time since last request: 0.000029 seconds.
  path: Assets/YAFUI/Icons/png128/snapchat.png
  artifactKey: Guid(424f270559a1f144c8398b550efc3cd2) Importer(815301076,1909f56bfc062723c751e8b465ee728b)
Start importing Assets/YAFUI/Icons/png128/snapchat.png using Guid(424f270559a1f144c8398b550efc3cd2) Importer(815301076,1909f56bfc062723c751e8b465ee728b)  -> (artifact id: '641276def40c0120772e03f1c5eafe95') in 0.020574 seconds 
========================================================================
Received Import Request.
  Time since last request: 0.000041 seconds.
  path: Assets/YAFUI/Icons/png128/sofa.png
  artifactKey: Guid(04bb882f15d6ca44fbd06284e10bc749) Importer(815301076,1909f56bfc062723c751e8b465ee728b)
Start importing Assets/YAFUI/Icons/png128/sofa.png using Guid(04bb882f15d6ca44fbd06284e10bc749) Importer(815301076,1909f56bfc062723c751e8b465ee728b)  -> (artifact id: 'b30440a17409aa7b78cd22c2dc9252e2') in 0.019919 seconds 
========================================================================
Received Import Request.
  Time since last request: 0.000028 seconds.
  path: Assets/YAFUI/Icons/png128/slack.png
  artifactKey: Guid(4953ced344dc5b0449c591bfc6ba4e45) Importer(815301076,1909f56bfc062723c751e8b465ee728b)
Start importing Assets/YAFUI/Icons/png128/slack.png using Guid(4953ced344dc5b0449c591bfc6ba4e45) Importer(815301076,1909f56bfc062723c751e8b465ee728b)  -> (artifact id: '2f7a48486316c31c0da56f899d047010') in 0.021087 seconds 
========================================================================
Received Import Request.
  Time since last request: 1.397978 seconds.
  path: Assets/YAFUI/Icons/png128/source-commit-start.png
  artifactKey: Guid(1f6e1b92d01272241a96cb173022cf50) Importer(815301076,1909f56bfc062723c751e8b465ee728b)
Start importing Assets/YAFUI/Icons/png128/source-commit-start.png using Guid(1f6e1b92d01272241a96cb173022cf50) Importer(815301076,1909f56bfc062723c751e8b465ee728b)  -> (artifact id: '48cd53aeb5cdda29047907637e579d75') in 0.024045 seconds 
========================================================================
Received Import Request.
  Time since last request: 0.000029 seconds.
  path: Assets/YAFUI/Icons/png128/stackoverflow.png
  artifactKey: Guid(13bd7732d95d99e4cae6d4f09a268f76) Importer(815301076,1909f56bfc062723c751e8b465ee728b)
Start importing Assets/YAFUI/Icons/png128/stackoverflow.png using Guid(13bd7732d95d99e4cae6d4f09a268f76) Importer(815301076,1909f56bfc062723c751e8b465ee728b)  -> (artifact id: '2f7a655ed83126d46c8b72167978d989') in 0.021851 seconds 
========================================================================
Received Import Request.
  Time since last request: 0.000026 seconds.
  path: Assets/YAFUI/Icons/png128/star-of-david.png
  artifactKey: Guid(27b72bfb0a90e074a929ea4d64c08a46) Importer(815301076,1909f56bfc062723c751e8b465ee728b)
Start importing Assets/YAFUI/Icons/png128/star-of-david.png using Guid(27b72bfb0a90e074a929ea4d64c08a46) Importer(815301076,1909f56bfc062723c751e8b465ee728b)  -> (artifact id: '726cd36e36a3c25f6cc3e8d387c2f976') in 0.025139 seconds 
========================================================================
Received Import Request.
  Time since last request: 0.000076 seconds.
  path: Assets/YAFUI/Icons/png128/speaker-wireless.png
  artifactKey: Guid(6402d15566d8c42429dab4da05d09ac2) Importer(815301076,1909f56bfc062723c751e8b465ee728b)
Start importing Assets/YAFUI/Icons/png128/speaker-wireless.png using Guid(6402d15566d8c42429dab4da05d09ac2) Importer(815301076,1909f56bfc062723c751e8b465ee728b)  -> (artifact id: 'd84fa1bedda106ca154bf12fd5c5cb6a') in 0.024405 seconds 
========================================================================
Received Import Request.
  Time since last request: 0.000033 seconds.
  path: Assets/YAFUI/Icons/png128/star.png
  artifactKey: Guid(a9ed8a2ebbdf97d439c904f42a39d1b7) Importer(815301076,1909f56bfc062723c751e8b465ee728b)
Start importing Assets/YAFUI/Icons/png128/star.png using Guid(a9ed8a2ebbdf97d439c904f42a39d1b7) Importer(815301076,1909f56bfc062723c751e8b465ee728b)  -> (artifact id: 'e29fb6fa17d5af6bc53909cb4cc634a4') in 0.022174 seconds 
========================================================================
Received Import Request.
  Time since last request: 0.000020 seconds.
  path: Assets/YAFUI/Icons/png128/source-merge.png
  artifactKey: Guid(d97d76f65a9f13d4698d130e75e91b74) Importer(815301076,1909f56bfc062723c751e8b465ee728b)
Start importing Assets/YAFUI/Icons/png128/source-merge.png using Guid(d97d76f65a9f13d4698d130e75e91b74) Importer(815301076,1909f56bfc062723c751e8b465ee728b)  -> (artifact id: 'd8196258cfcac8ff9fa38ff9e894a362') in 0.023409 seconds 
========================================================================
Received Import Request.
  Time since last request: 0.000020 seconds.
  path: Assets/YAFUI/Icons/png128/star-off.png
  artifactKey: Guid(0855c6192ab6d4447ac1d2296cccbdea) Importer(815301076,1909f56bfc062723c751e8b465ee728b)
Start importing Assets/YAFUI/Icons/png128/star-off.png using Guid(0855c6192ab6d4447ac1d2296cccbdea) Importer(815301076,1909f56bfc062723c751e8b465ee728b)  -> (artifact id: '34f54c96ae1f2b755a12732d52546aba') in 0.022987 seconds 
========================================================================
Received Import Request.
  Time since last request: 0.000027 seconds.
  path: Assets/YAFUI/Icons/png128/speedometer.png
  artifactKey: Guid(e55964e61f24ce54bb490212dfdeba02) Importer(815301076,1909f56bfc062723c751e8b465ee728b)
Start importing Assets/YAFUI/Icons/png128/speedometer.png using Guid(e55964e61f24ce54bb490212dfdeba02) Importer(815301076,1909f56bfc062723c751e8b465ee728b)  -> (artifact id: 'fa28cf52067178fda356aeb87dba882e') in 0.021465 seconds 
========================================================================
Received Import Request.
  Time since last request: 0.000027 seconds.
  path: Assets/YAFUI/Icons/png128/stairs.png
  artifactKey: Guid(b0a4df0b71af190498ea7c51751561cb) Importer(815301076,1909f56bfc062723c751e8b465ee728b)
Start importing Assets/YAFUI/Icons/png128/stairs.png using Guid(b0a4df0b71af190498ea7c51751561cb) Importer(815301076,1909f56bfc062723c751e8b465ee728b)  -> (artifact id: '5dd43be7a774903bf7d3fc102b8dce6a') in 0.020623 seconds 
========================================================================
Received Import Request.
  Time since last request: 0.000036 seconds.
  path: Assets/YAFUI/Icons/png128/speaker-off.png
  artifactKey: Guid(5e8a5764d73e1e747a076d307370b402) Importer(815301076,1909f56bfc062723c751e8b465ee728b)
Start importing Assets/YAFUI/Icons/png128/speaker-off.png using Guid(5e8a5764d73e1e747a076d307370b402) Importer(815301076,1909f56bfc062723c751e8b465ee728b)  -> (artifact id: '1f410a950428e973ef6fd1e966d94993') in 0.020890 seconds 
========================================================================
Received Import Request.
  Time since last request: 0.060585 seconds.
  path: Assets/YAFUI/Icons/png128/steam.png
  artifactKey: Guid(134f84740a37f0f48abfc10b20783840) Importer(815301076,1909f56bfc062723c751e8b465ee728b)
Start importing Assets/YAFUI/Icons/png128/steam.png using Guid(134f84740a37f0f48abfc10b20783840) Importer(815301076,1909f56bfc062723c751e8b465ee728b)  -> (artifact id: '9eef8ec29f2be2500e9dbc309c71dac6') in 0.023511 seconds 
Editor requested this worker to shutdown with reason: Scaling down because of idle timeout
AssetImportWorker is now disconnected from the server
Process exiting
Exiting without the bug reporter. Application will terminate with return code 0