Using pre-set license
Built from '2021.3/release' branch; Version is '2021.3.12f1 (8af3c3e441b1) revision 9106371'; Using compiler version '192829333'; Build Type 'Release'
OS: 'Windows 10  (10.0.19045) 64bit Core' Language: 'en' Physical Memory: 32619 MB
BatchMode: 1, IsHumanControllingUs: 0, StartBugReporterOnCrash: 0, Is64bit: 1, IsPro: 1

COMMAND LINE ARGUMENTS:
D:\Unity\2021.3.12f1\Editor\Unity.exe
-adb2
-batchMode
-noUpm
-name
AssetImportWorker4
-projectPath
D:/My project
-logFile
Logs/AssetImportWorker4.log
-srvPort
60583
Successfully changed project path to: D:/My project
D:/My project
[UnityMemory] Configuration Parameters - Can be set up in boot.config
    "memorysetup-bucket-allocator-granularity=16"
    "memorysetup-bucket-allocator-bucket-count=8"
    "memorysetup-bucket-allocator-block-size=33554432"
    "memorysetup-bucket-allocator-block-count=8"
    "memorysetup-main-allocator-block-size=16777216"
    "memorysetup-thread-allocator-block-size=16777216"
    "memorysetup-gfx-main-allocator-block-size=16777216"
    "memorysetup-gfx-thread-allocator-block-size=16777216"
    "memorysetup-cache-allocator-block-size=4194304"
    "memorysetup-typetree-allocator-block-size=2097152"
    "memorysetup-profiler-bucket-allocator-granularity=16"
    "memorysetup-profiler-bucket-allocator-bucket-count=8"
    "memorysetup-profiler-bucket-allocator-block-size=33554432"
    "memorysetup-profiler-bucket-allocator-block-count=8"
    "memorysetup-profiler-allocator-block-size=16777216"
    "memorysetup-profiler-editor-allocator-block-size=1048576"
    "memorysetup-temp-allocator-size-main=16777216"
    "memorysetup-job-temp-allocator-block-size=2097152"
    "memorysetup-job-temp-allocator-block-size-background=1048576"
    "memorysetup-job-temp-allocator-reduction-small-platforms=262144"
    "memorysetup-temp-allocator-size-background-worker=32768"
    "memorysetup-temp-allocator-size-job-worker=262144"
    "memorysetup-temp-allocator-size-preload-manager=33554432"
    "memorysetup-temp-allocator-size-nav-mesh-worker=65536"
    "memorysetup-temp-allocator-size-audio-worker=65536"
    "memorysetup-temp-allocator-size-cloud-worker=32768"
    "memorysetup-temp-allocator-size-gi-baking-worker=262144"
    "memorysetup-temp-allocator-size-gfx=262144"
Refreshing native plugins compatible for Editor in 264.98 ms, found 3 plugins.
Preloading 0 native plugins for Editor in 0.00 ms.
Initialize engine version: 2021.3.12f1 (8af3c3e441b1)
[Subsystems] Discovering subsystems at path D:/Unity/2021.3.12f1/Editor/Data/Resources/UnitySubsystems
[Subsystems] Discovering subsystems at path D:/My project/Assets
GfxDevice: creating device client; threaded=0; jobified=0
Direct3D:
    Version:  Direct3D 11.0 [level 11.1]
    Renderer: NVIDIA GeForce GTX 1650 (ID=0x1f91)
    Vendor:   NVIDIA
    VRAM:     3962 MB
    Driver:   30.0.15.1278
Initialize mono
Mono path[0] = 'D:/Unity/2021.3.12f1/Editor/Data/Managed'
Mono path[1] = 'D:/Unity/2021.3.12f1/Editor/Data/MonoBleedingEdge/lib/mono/unityjit-win32'
Mono config path = 'D:/Unity/2021.3.12f1/Editor/Data/MonoBleedingEdge/etc'
Using monoOptions --debugger-agent=transport=dt_socket,embedding=1,server=y,suspend=n,address=127.0.0.1:56892
Begin MonoManager ReloadAssembly
Registering precompiled unity dll's ...
Register platform support module: D:/Unity/2021.3.12f1/Editor/Data/PlaybackEngines/WebGLSupport/UnityEditor.WebGL.Extensions.dll
Register platform support module: D:/Unity/2021.3.12f1/Editor/Data/PlaybackEngines/WindowsStandaloneSupport/UnityEditor.WindowsStandalone.Extensions.dll
Register platform support module: D:/Unity/2021.3.12f1/Editor/Data/PlaybackEngines/LinuxStandaloneSupport/UnityEditor.LinuxStandalone.Extensions.dll
Register platform support module: D:/Unity/2021.3.12f1/Editor/Data/PlaybackEngines/MetroSupport/UnityEditor.UWP.Extensions.dll
Registered in 0.006319 seconds.
Native extension for UWP target not found
Native extension for LinuxStandalone target not found
Native extension for WindowsStandalone target not found
Native extension for WebGL target not found
Refreshing native plugins compatible for Editor in 202.11 ms, found 3 plugins.
Preloading 0 native plugins for Editor in 0.00 ms.
Mono: successfully reloaded assembly
- Completed reload, in  1.500 seconds
Domain Reload Profiling:
	ReloadAssembly (1500ms)
		BeginReloadAssembly (121ms)
			ExecutionOrderSort (0ms)
			DisableScriptedObjects (0ms)
			BackupInstance (0ms)
			ReleaseScriptingObjects (0ms)
			CreateAndSetChildDomain (1ms)
		EndReloadAssembly (1014ms)
			LoadAssemblies (125ms)
			RebuildTransferFunctionScriptingTraits (0ms)
			SetupTypeCache (445ms)
			ReleaseScriptCaches (0ms)
			RebuildScriptCaches (46ms)
			SetupLoadedEditorAssemblies (440ms)
				LogAssemblyErrors (0ms)
				InitializePlatformSupportModulesInManaged (16ms)
				SetLoadedEditorAssemblies (0ms)
				RefreshPlugins (202ms)
				BeforeProcessingInitializeOnLoad (2ms)
				ProcessInitializeOnLoadAttributes (157ms)
				ProcessInitializeOnLoadMethodAttributes (63ms)
				AfterProcessingInitializeOnLoad (0ms)
				EditorAssembliesLoaded (0ms)
			ExecutionOrderSort2 (0ms)
			AwakeInstancesAfterBackupRestoration (0ms)
Platform modules already initialized, skipping
Registering precompiled user dll's ...
Registered in 0.014117 seconds.
Begin MonoManager ReloadAssembly
Symbol file LoadedFromMemory doesn't match image D:\My project\Library\PackageCache\com.unity.visualscripting@1.7.8\Editor\VisualScripting.Core\Dependencies\YamlDotNet\Unity.VisualScripting.YamlDotNet.dll
Symbol file LoadedFromMemory doesn't match image D:\My project\Library\PackageCache\com.unity.visualscripting@1.7.8\Editor\VisualScripting.Core\Dependencies\DotNetZip\Unity.VisualScripting.IonicZip.dll
Native extension for UWP target not found
Native extension for LinuxStandalone target not found
Native extension for WindowsStandalone target not found
Native extension for WebGL target not found
Refreshing native plugins compatible for Editor in 1.51 ms, found 3 plugins.
Preloading 0 native plugins for Editor in 0.00 ms.
Launched and connected shader compiler UnityShaderCompiler.exe after 0.06 seconds
Mono: successfully reloaded assembly
- Completed reload, in  1.859 seconds
Domain Reload Profiling:
	ReloadAssembly (1860ms)
		BeginReloadAssembly (137ms)
			ExecutionOrderSort (0ms)
			DisableScriptedObjects (7ms)
			BackupInstance (0ms)
			ReleaseScriptingObjects (0ms)
			CreateAndSetChildDomain (20ms)
		EndReloadAssembly (1596ms)
			LoadAssemblies (125ms)
			RebuildTransferFunctionScriptingTraits (0ms)
			SetupTypeCache (330ms)
			ReleaseScriptCaches (1ms)
			RebuildScriptCaches (62ms)
			SetupLoadedEditorAssemblies (1063ms)
				LogAssemblyErrors (0ms)
				InitializePlatformSupportModulesInManaged (8ms)
				SetLoadedEditorAssemblies (0ms)
				RefreshPlugins (2ms)
				BeforeProcessingInitializeOnLoad (97ms)
				ProcessInitializeOnLoadAttributes (692ms)
				ProcessInitializeOnLoadMethodAttributes (261ms)
				AfterProcessingInitializeOnLoad (3ms)
				EditorAssembliesLoaded (0ms)
			ExecutionOrderSort2 (0ms)
			AwakeInstancesAfterBackupRestoration (6ms)
Platform modules already initialized, skipping
========================================================================
Worker process is ready to serve import requests
Refreshing native plugins compatible for Editor in 1.86 ms, found 3 plugins.
Preloading 0 native plugins for Editor in 0.00 ms.
Unloading 4097 Unused Serialized files (Serialized files now loaded: 0)
Unloading 42 unused Assets / (115.9 KB). Loaded Objects now: 4633.
Memory consumption went from 157.1 MB to 156.9 MB.
Total: 15.148900 ms (FindLiveObjects: 0.329200 ms CreateObjectMapping: 0.235200 ms MarkObjects: 14.434800 ms  DeleteObjects: 0.148600 ms)

AssetImportParameters requested are different than current active one (requested -> active):
  custom:video-decoder-ogg-theora: a1e56fd34408186e4bbccfd4996cb3dc -> 
  custom:container-muxer-webm: aa71ff27fc2769a1b78a27578f13a17b -> 
  custom:container-demuxer-webm: 4f35f7cbe854078d1ac9338744f61a02 -> 
  custom:video-encoder-webm-vp8: eb34c28f22e8b96e1ab97ce403110664 -> 
  custom:video-codec-MediaFoundation-h265: 746d11721c4dcdbdad8f713fa42b33f4 -> 
  custom:audio-encoder-webm-vorbis: bf7c407c2cedff20999df2af8eb42d56 -> 
  custom:framework-win-MediaFoundation: 216162199b28c13a410421893ffa2e32 -> 
  custom:container-demuxer-ogg: 62fdf1f143b41e24485cea50d1cbac27 -> 
  custom:video-decoder-webm-vp8: 9c59270c3fd7afecdb556c50c9e8de78 -> 
  custom:audio-decoder-ogg-vorbis: bf7c407c2cedff20999df2af8eb42d56 -> 
========================================================================
Received Import Request.
  Time since last request: 1965306.086250 seconds.
  path: Assets/CleanFlatIcon/psd_128/icon/icon_activity.psd
  artifactKey: Guid(2ee76b16855fe1342ad39375e2a5d20e) Importer(815301076,1909f56bfc062723c751e8b465ee728b)
Start importing Assets/CleanFlatIcon/psd_128/icon/icon_activity.psd using Guid(2ee76b16855fe1342ad39375e2a5d20e) Importer(815301076,1909f56bfc062723c751e8b465ee728b)  -> (artifact id: '4caabcbb97c1fb57b17e10619365e0b0') in 0.205098 seconds 
========================================================================
Received Import Request.
  Time since last request: 0.000041 seconds.
  path: Assets/CleanFlatIcon/png_128/icon/icon_activity/icon_activity_51.png
  artifactKey: Guid(7c1b2f9eeff83db468cf3fbae2ccc0a0) Importer(815301076,1909f56bfc062723c751e8b465ee728b)
Start importing Assets/CleanFlatIcon/png_128/icon/icon_activity/icon_activity_51.png using Guid(7c1b2f9eeff83db468cf3fbae2ccc0a0) Importer(815301076,1909f56bfc062723c751e8b465ee728b)  -> (artifact id: '83ac9d80c9fb35f715f02c26da831104') in 0.074020 seconds 
========================================================================
Received Import Request.
  Time since last request: 0.000033 seconds.
  path: Assets/CleanFlatIcon/png_128/icon/icon_activity/icon_activity_21.png
  artifactKey: Guid(5b4f0aede8515114e8bd4f679550aa90) Importer(815301076,1909f56bfc062723c751e8b465ee728b)
Start importing Assets/CleanFlatIcon/png_128/icon/icon_activity/icon_activity_21.png using Guid(5b4f0aede8515114e8bd4f679550aa90) Importer(815301076,1909f56bfc062723c751e8b465ee728b)  -> (artifact id: '252cebdcbd9d3f242cc865d5da0ba1ad') in 0.017254 seconds 
========================================================================
Received Import Request.
  Time since last request: 0.000026 seconds.
  path: Assets/CleanFlatIcon/png_128/icon/icon_activity/icon_activity_32.png
  artifactKey: Guid(cf8c2af6c90303045bc3173927222899) Importer(815301076,1909f56bfc062723c751e8b465ee728b)
Start importing Assets/CleanFlatIcon/png_128/icon/icon_activity/icon_activity_32.png using Guid(cf8c2af6c90303045bc3173927222899) Importer(815301076,1909f56bfc062723c751e8b465ee728b)  -> (artifact id: 'ab171d95359281bcbed56892eaf76cee') in 0.015476 seconds 
========================================================================
Received Import Request.
  Time since last request: 0.000025 seconds.
  path: Assets/CleanFlatIcon/png_128/icon/icon_activity/icon_activity_54.png
  artifactKey: Guid(223c5b5fb732c5b42be119ac6a63eb7d) Importer(815301076,1909f56bfc062723c751e8b465ee728b)
Start importing Assets/CleanFlatIcon/png_128/icon/icon_activity/icon_activity_54.png using Guid(223c5b5fb732c5b42be119ac6a63eb7d) Importer(815301076,1909f56bfc062723c751e8b465ee728b)  -> (artifact id: '5ef0afd341d08697cb4fb668d3a27fee') in 0.015151 seconds 
========================================================================
Received Import Request.
  Time since last request: 0.000026 seconds.
  path: Assets/CleanFlatIcon/png_128/icon/icon_activity/icon_activity_43.png
  artifactKey: Guid(15136bd01f40f87479b7e38df6579bbe) Importer(815301076,1909f56bfc062723c751e8b465ee728b)
Start importing Assets/CleanFlatIcon/png_128/icon/icon_activity/icon_activity_43.png using Guid(15136bd01f40f87479b7e38df6579bbe) Importer(815301076,1909f56bfc062723c751e8b465ee728b)  -> (artifact id: 'ccbe59fb9ee72bb93f1908ac409d2303') in 0.018600 seconds 
========================================================================
Received Import Request.
  Time since last request: 0.000030 seconds.
  path: Assets/CleanFlatIcon/png_128/icon/icon_activity/icon_activity_11.png
  artifactKey: Guid(7d040f7c5376162489d88be0b2051fba) Importer(815301076,1909f56bfc062723c751e8b465ee728b)
Start importing Assets/CleanFlatIcon/png_128/icon/icon_activity/icon_activity_11.png using Guid(7d040f7c5376162489d88be0b2051fba) Importer(815301076,1909f56bfc062723c751e8b465ee728b)  -> (artifact id: '6693412915104d8962d7848b629d329a') in 0.022717 seconds 
========================================================================
Received Import Request.
  Time since last request: 0.000027 seconds.
  path: Assets/CleanFlatIcon/png_128/icon/icon_activity/icon_activity_20.png
  artifactKey: Guid(f61e73bfb87f39e4e877401e4b0b674a) Importer(815301076,1909f56bfc062723c751e8b465ee728b)
Start importing Assets/CleanFlatIcon/png_128/icon/icon_activity/icon_activity_20.png using Guid(f61e73bfb87f39e4e877401e4b0b674a) Importer(815301076,1909f56bfc062723c751e8b465ee728b)  -> (artifact id: '094b4abe3e95dbaabeb537302ae6961c') in 0.024831 seconds 
========================================================================
Received Import Request.
  Time since last request: 0.000029 seconds.
  path: Assets/CleanFlatIcon/png_128/icon/icon_activity/icon_activity_48.png
  artifactKey: Guid(602e0125dff71dd4498b54906766d337) Importer(815301076,1909f56bfc062723c751e8b465ee728b)
Start importing Assets/CleanFlatIcon/png_128/icon/icon_activity/icon_activity_48.png using Guid(602e0125dff71dd4498b54906766d337) Importer(815301076,1909f56bfc062723c751e8b465ee728b)  -> (artifact id: '6fd86d004a14c986c2fae5c44652db78') in 0.021845 seconds 
========================================================================
Received Import Request.
  Time since last request: 0.000025 seconds.
  path: Assets/CleanFlatIcon/png_128/icon/icon_activity/icon_activity_16.png
  artifactKey: Guid(0412cb32d5937c94090addcb74d933f3) Importer(815301076,1909f56bfc062723c751e8b465ee728b)
Start importing Assets/CleanFlatIcon/png_128/icon/icon_activity/icon_activity_16.png using Guid(0412cb32d5937c94090addcb74d933f3) Importer(815301076,1909f56bfc062723c751e8b465ee728b)  -> (artifact id: '64abb4b18882458337561b36d114e519') in 0.022253 seconds 
========================================================================
Received Import Request.
  Time since last request: 0.000044 seconds.
  path: Assets/CleanFlatIcon/png_128/icon/icon_activity/icon_activity_10.png
  artifactKey: Guid(ba1921dada3af7e459e63e51e80ad03a) Importer(815301076,1909f56bfc062723c751e8b465ee728b)
Start importing Assets/CleanFlatIcon/png_128/icon/icon_activity/icon_activity_10.png using Guid(ba1921dada3af7e459e63e51e80ad03a) Importer(815301076,1909f56bfc062723c751e8b465ee728b)  -> (artifact id: 'a019d6a0c5cf82fc428cb97d455590af') in 0.021738 seconds 
========================================================================
Received Import Request.
  Time since last request: 0.000034 seconds.
  path: Assets/CleanFlatIcon/png_128/icon/icon_activity/icon_activity_37.png
  artifactKey: Guid(ef2772d3a2e3bbc47aa41bf42fe8adda) Importer(815301076,1909f56bfc062723c751e8b465ee728b)
Start importing Assets/CleanFlatIcon/png_128/icon/icon_activity/icon_activity_37.png using Guid(ef2772d3a2e3bbc47aa41bf42fe8adda) Importer(815301076,1909f56bfc062723c751e8b465ee728b)  -> (artifact id: 'a5a7fa438f85a2690dd5eff88d7a2f57') in 0.023129 seconds 
========================================================================
Received Import Request.
  Time since last request: 0.000028 seconds.
  path: Assets/CleanFlatIcon/png_128/icon/icon_activity/icon_activity_31.png
  artifactKey: Guid(95131eabb680a86409912bb0913fd490) Importer(815301076,1909f56bfc062723c751e8b465ee728b)
Start importing Assets/CleanFlatIcon/png_128/icon/icon_activity/icon_activity_31.png using Guid(95131eabb680a86409912bb0913fd490) Importer(815301076,1909f56bfc062723c751e8b465ee728b)  -> (artifact id: 'd0130869ecf831f6de7f4fedd28055c9') in 0.019308 seconds 
========================================================================
Received Import Request.
  Time since last request: 0.000032 seconds.
  path: Assets/CleanFlatIcon/png_128/icon/icon_activity/icon_activity_12.png
  artifactKey: Guid(34c3b6af5a722cc469b83a8bf88c8d17) Importer(815301076,1909f56bfc062723c751e8b465ee728b)
Start importing Assets/CleanFlatIcon/png_128/icon/icon_activity/icon_activity_12.png using Guid(34c3b6af5a722cc469b83a8bf88c8d17) Importer(815301076,1909f56bfc062723c751e8b465ee728b)  -> (artifact id: '6ead3d2786d3410151ba5c467ec5b98c') in 0.021966 seconds 
========================================================================
Received Import Request.
  Time since last request: 0.000019 seconds.
  path: Assets/CleanFlatIcon/png_128/icon/icon_activity/icon_activity_41.png
  artifactKey: Guid(520e66d0041a4f249b027beb37a13e32) Importer(815301076,1909f56bfc062723c751e8b465ee728b)
Start importing Assets/CleanFlatIcon/png_128/icon/icon_activity/icon_activity_41.png using Guid(520e66d0041a4f249b027beb37a13e32) Importer(815301076,1909f56bfc062723c751e8b465ee728b)  -> (artifact id: 'bd040fa4f5ec316b0490e66567fbe60f') in 0.023486 seconds 
Editor requested this worker to shutdown with reason: Scaling down because of idle timeout
AssetImportWorker is now disconnected from the server
Process exiting
Exiting without the bug reporter. Application will terminate with return code 0