Using pre-set license
Built from '2022.3/staging' branch; Version is '2022.3.21f1 (bf09ca542b87) revision 12519882'; Using compiler version '192829333'; Build Type 'Release'
OS: 'Windows 11  (10.0.22631) 64bit Core' Language: 'en' Physical Memory: 32619 MB
BatchMode: 1, IsHumanControllingUs: 0, StartBugReporterOnCrash: 0, Is64bit: 1, IsPro: 1

COMMAND LINE ARGUMENTS:
D:\Unity\2022.3.21f1\Editor\Unity.exe
-adb2
-batchMode
-noUpm
-name
AssetImportWorker8
-projectPath
D:/clara-mundi-2
-logFile
Logs/AssetImportWorker8.log
-srvPort
53939
Successfully changed project path to: D:/clara-mundi-2
D:/clara-mundi-2
[UnityMemory] Configuration Parameters - Can be set up in boot.config
    "memorysetup-bucket-allocator-granularity=16"
    "memorysetup-bucket-allocator-bucket-count=8"
    "memorysetup-bucket-allocator-block-size=33554432"
    "memorysetup-bucket-allocator-block-count=8"
    "memorysetup-main-allocator-block-size=16777216"
    "memorysetup-thread-allocator-block-size=16777216"
    "memorysetup-gfx-main-allocator-block-size=16777216"
    "memorysetup-gfx-thread-allocator-block-size=16777216"
    "memorysetup-cache-allocator-block-size=4194304"
    "memorysetup-typetree-allocator-block-size=2097152"
    "memorysetup-profiler-bucket-allocator-granularity=16"
    "memorysetup-profiler-bucket-allocator-bucket-count=8"
    "memorysetup-profiler-bucket-allocator-block-size=33554432"
    "memorysetup-profiler-bucket-allocator-block-count=8"
    "memorysetup-profiler-allocator-block-size=16777216"
    "memorysetup-profiler-editor-allocator-block-size=1048576"
    "memorysetup-temp-allocator-size-main=16777216"
    "memorysetup-job-temp-allocator-block-size=2097152"
    "memorysetup-job-temp-allocator-block-size-background=1048576"
    "memorysetup-job-temp-allocator-reduction-small-platforms=262144"
    "memorysetup-allocator-temp-initial-block-size-main=262144"
    "memorysetup-allocator-temp-initial-block-size-worker=262144"
    "memorysetup-temp-allocator-size-background-worker=32768"
    "memorysetup-temp-allocator-size-job-worker=262144"
    "memorysetup-temp-allocator-size-preload-manager=33554432"
    "memorysetup-temp-allocator-size-nav-mesh-worker=65536"
    "memorysetup-temp-allocator-size-audio-worker=65536"
    "memorysetup-temp-allocator-size-cloud-worker=32768"
    "memorysetup-temp-allocator-size-gi-baking-worker=262144"
    "memorysetup-temp-allocator-size-gfx=262144"
Player connection [61388] Host "[IP] 192.168.1.172 [Port] 0 [Flags] 2 [Guid] 2503820874 [EditorId] 2503820874 [Version] 1048832 [Id] WindowsEditor(7,Justin-HomePC) [Debug] 1 [PackageName] WindowsEditor [ProjectName] Editor" joined multi-casting on [225.0.0.222:54997]...

Player connection [61388] Host "[IP] 192.168.1.172 [Port] 0 [Flags] 2 [Guid] 2503820874 [EditorId] 2503820874 [Version] 1048832 [Id] WindowsEditor(7,Justin-HomePC) [Debug] 1 [PackageName] WindowsEditor [ProjectName] Editor" joined alternative multi-casting on [225.0.0.222:34997]...

[Physics::Module] Initialized MultithreadedJobDispatcher with 11 workers.
Refreshing native plugins compatible for Editor in 26.06 ms, found 3 plugins.
Preloading 0 native plugins for Editor in 0.00 ms.
Initialize engine version: 2022.3.21f1 (bf09ca542b87)
[Subsystems] Discovering subsystems at path D:/Unity/2022.3.21f1/Editor/Data/Resources/UnitySubsystems
[Subsystems] Discovering subsystems at path D:/clara-mundi-2/Assets
GfxDevice: creating device client; threaded=0; jobified=0
Direct3D:
    Version:  Direct3D 11.0 [level 11.1]
    Renderer: NVIDIA GeForce GTX 1650 (ID=0x1f91)
    Vendor:   NVIDIA
    VRAM:     3935 MB
    Driver:   31.0.15.5123
Initialize mono
Mono path[0] = 'D:/Unity/2022.3.21f1/Editor/Data/Managed'
Mono path[1] = 'D:/Unity/2022.3.21f1/Editor/Data/MonoBleedingEdge/lib/mono/unityjit-win32'
Mono config path = 'D:/Unity/2022.3.21f1/Editor/Data/MonoBleedingEdge/etc'
Using monoOptions --debugger-agent=transport=dt_socket,embedding=1,server=y,suspend=n,address=127.0.0.1:56444
Begin MonoManager ReloadAssembly
Registering precompiled unity dll's ...
Register platform support module: D:/Unity/2022.3.21f1/Editor/Data/PlaybackEngines/WebGLSupport/UnityEditor.WebGL.Extensions.dll
Register platform support module: D:/Unity/2022.3.21f1/Editor/Data/PlaybackEngines/WindowsStandaloneSupport/UnityEditor.WindowsStandalone.Extensions.dll
Registered in 0.004148 seconds.
- Loaded All Assemblies, in  0.425 seconds
Native extension for WindowsStandalone target not found
Native extension for WebGL target not found
Mono: successfully reloaded assembly
- Finished resetting the current domain, in  0.335 seconds
Domain Reload Profiling: 760ms
	BeginReloadAssembly (136ms)
		ExecutionOrderSort (0ms)
		DisableScriptedObjects (0ms)
		BackupInstance (0ms)
		ReleaseScriptingObjects (0ms)
		CreateAndSetChildDomain (1ms)
	RebuildCommonClasses (40ms)
	RebuildNativeTypeToScriptingClass (12ms)
	initialDomainReloadingComplete (59ms)
	LoadAllAssembliesAndSetupDomain (178ms)
		LoadAssemblies (136ms)
		RebuildTransferFunctionScriptingTraits (0ms)
		AnalyzeDomain (175ms)
			TypeCache.Refresh (174ms)
				TypeCache.ScanAssembly (158ms)
			ScanForSourceGeneratedMonoScriptInfo (0ms)
			ResolveRequiredComponents (1ms)
	FinalizeReload (335ms)
		ReleaseScriptCaches (0ms)
		RebuildScriptCaches (0ms)
		SetupLoadedEditorAssemblies (264ms)
			LogAssemblyErrors (0ms)
			InitializePlatformSupportModulesInManaged (10ms)
			SetLoadedEditorAssemblies (7ms)
			RefreshPlugins (0ms)
			BeforeProcessingInitializeOnLoad (3ms)
			ProcessInitializeOnLoadAttributes (179ms)
			ProcessInitializeOnLoadMethodAttributes (66ms)
			AfterProcessingInitializeOnLoad (0ms)
			EditorAssembliesLoaded (0ms)
		ExecutionOrderSort2 (0ms)
		AwakeInstancesAfterBackupRestoration (0ms)
========================================================================
Worker process is ready to serve import requests
Begin MonoManager ReloadAssembly
Symbol file LoadedFromMemory is not a mono symbol file
- Loaded All Assemblies, in  1.099 seconds
Refreshing native plugins compatible for Editor in 8.40 ms, found 3 plugins.
Native extension for WindowsStandalone target not found
Native extension for WebGL target not found
[MODES] ModeService[none].Initialize
[MODES] ModeService[none].LoadModes
[MODES] Loading mode Default (0) for mode-current-id-My project
Launched and connected shader compiler UnityShaderCompiler.exe after 0.09 seconds
Mono: successfully reloaded assembly
- Finished resetting the current domain, in  2.255 seconds
Domain Reload Profiling: 3354ms
	BeginReloadAssembly (167ms)
		ExecutionOrderSort (0ms)
		DisableScriptedObjects (6ms)
		BackupInstance (0ms)
		ReleaseScriptingObjects (0ms)
		CreateAndSetChildDomain (23ms)
	RebuildCommonClasses (40ms)
	RebuildNativeTypeToScriptingClass (13ms)
	initialDomainReloadingComplete (77ms)
	LoadAllAssembliesAndSetupDomain (800ms)
		LoadAssemblies (459ms)
		RebuildTransferFunctionScriptingTraits (0ms)
		AnalyzeDomain (441ms)
			TypeCache.Refresh (366ms)
				TypeCache.ScanAssembly (340ms)
			ScanForSourceGeneratedMonoScriptInfo (56ms)
			ResolveRequiredComponents (17ms)
	FinalizeReload (2256ms)
		ReleaseScriptCaches (0ms)
		RebuildScriptCaches (0ms)
		SetupLoadedEditorAssemblies (1969ms)
			LogAssemblyErrors (0ms)
			InitializePlatformSupportModulesInManaged (6ms)
			SetLoadedEditorAssemblies (6ms)
			RefreshPlugins (0ms)
			BeforeProcessingInitializeOnLoad (230ms)
			ProcessInitializeOnLoadAttributes (585ms)
			ProcessInitializeOnLoadMethodAttributes (1139ms)
			AfterProcessingInitializeOnLoad (2ms)
			EditorAssembliesLoaded (0ms)
		ExecutionOrderSort2 (0ms)
		AwakeInstancesAfterBackupRestoration (8ms)
Refreshing native plugins compatible for Editor in 17.88 ms, found 3 plugins.
Preloading 0 native plugins for Editor in 0.00 ms.
Unloading 9019 Unused Serialized files (Serialized files now loaded: 0)
Unloading 124 unused Assets / (153.7 KB). Loaded Objects now: 9520.
Memory consumption went from 309.3 MB to 309.2 MB.
Total: 20.893200 ms (FindLiveObjects: 0.703900 ms CreateObjectMapping: 0.763000 ms MarkObjects: 19.131100 ms  DeleteObjects: 0.293600 ms)

AssetImportParameters requested are different than current active one (requested -> active):
  custom:scripting/monoscript/fileName/JobsILPostProcessor.cs: 0718871d0405926db442b5f327f072ec -> 3f303034a10abbfb33aebc2c253ab939
  custom:container-demuxer-ogg: 62fdf1f143b41e24485cea50d1cbac27 -> 
  custom:framework-win-MediaFoundation: 216162199b28c13a410421893ffa2e32 -> 
  custom:container-muxer-webm: aa71ff27fc2769a1b78a27578f13a17b -> 
  custom:video-decoder-webm-vp8: 9c59270c3fd7afecdb556c50c9e8de78 -> 
  custom:SearchIndexIgnoredProperties: e643bd26f0fe6173181afceb89e7c659 -> 
  custom:AudioImporter_EditorPlatform: d09bf68614088b80899f8185d706f6e7 -> 
  custom:audio-decoder-ogg-vorbis: bf7c407c2cedff20999df2af8eb42d56 -> 
  custom:scripting/monoscript/fileName/CustomNavigation.cs: c682db03b2347dfe7490e8c67a705224 -> 
  custom:audio-encoder-webm-vorbis: bf7c407c2cedff20999df2af8eb42d56 -> 
  custom:video-codec-MediaFoundation-h265: 746d11721c4dcdbdad8f713fa42b33f4 -> 
  custom:scripting/monoscript/fileName/MathematicsDrawers.cs: 3516c7637368692549c33d446e908c0a -> f55ff2195245c57ad8dd4ae275cfa5b5
  custom:video-decoder-ogg-theora: a1e56fd34408186e4bbccfd4996cb3dc -> 
  custom:CustomObjectIndexerAttribute: 9a22284fe3817be447336de3de66b15e -> 
  custom:container-demuxer-webm: 4f35f7cbe854078d1ac9338744f61a02 -> 
  custom:scripting/precompiled-assembly-types:Unity.Cecil: 934eb9cb90b2d4122cdab328a8f31a56 -> a7f6985e8396a120b39fef08582fc409
  custom:scripting/monoscript/fileName/NCalcParser.cs: db61961eecf05360f8f4faca73024b2f -> 8e26acbdb2328e839bb63f98d07bd324
  custom:scripting/monoscript/fileName/CoverageReportGenerator.cs: 3ea35e588ed069770179d8d4e363e731 -> 14395a927aaa58c17afbfc10d0d33478
  custom:video-encoder-webm-vp8: eb34c28f22e8b96e1ab97ce403110664 -> 
========================================================================
Received Import Request.
  Time since last request: 696774.116109 seconds.
  path: Assets/CleanFlatIcon/png_128/icon/icon_arrow/icon_arrow_30.png
  artifactKey: Guid(30db45e5f7c1a3740b61b21491cc4363) Importer(815301076,1909f56bfc062723c751e8b465ee728b)
Start importing Assets/CleanFlatIcon/png_128/icon/icon_arrow/icon_arrow_30.png using Guid(30db45e5f7c1a3740b61b21491cc4363) Importer(815301076,1909f56bfc062723c751e8b465ee728b)  -> (artifact id: '22b9530149f29db9e9c17ae497fc0a85') in 0.138282 seconds
Number of updated asset objects reloaded before import = 0
Number of asset objects unloaded after import = 3
========================================================================
Received Import Request.
  Time since last request: 0.006822 seconds.
  path: Assets/CleanFlatIcon/png_128/icon/icon_arrow/icon_arrow_21.png
  artifactKey: Guid(0a0f38a8aced9f940a80567d885ea5f3) Importer(815301076,1909f56bfc062723c751e8b465ee728b)
Start importing Assets/CleanFlatIcon/png_128/icon/icon_arrow/icon_arrow_21.png using Guid(0a0f38a8aced9f940a80567d885ea5f3) Importer(815301076,1909f56bfc062723c751e8b465ee728b)  -> (artifact id: '327e883aa9c8d5cddf72b23deca90976') in 0.019888 seconds
Number of updated asset objects reloaded before import = 0
Number of asset objects unloaded after import = 3
========================================================================
Received Import Request.
  Time since last request: 0.000016 seconds.
  path: Assets/CleanFlatIcon/png_128/icon/icon_arrow/icon_arrow_25.png
  artifactKey: Guid(64e91f94933db67458c954db4c096f2c) Importer(815301076,1909f56bfc062723c751e8b465ee728b)
Start importing Assets/CleanFlatIcon/png_128/icon/icon_arrow/icon_arrow_25.png using Guid(64e91f94933db67458c954db4c096f2c) Importer(815301076,1909f56bfc062723c751e8b465ee728b)  -> (artifact id: 'd854382bd196d04880af044b70525d1b') in 0.017873 seconds
Number of updated asset objects reloaded before import = 0
Number of asset objects unloaded after import = 3
========================================================================
Received Import Request.
  Time since last request: 0.000020 seconds.
  path: Assets/CleanFlatIcon/png_128/icon/icon_arrow/icon_arrow_28.png
  artifactKey: Guid(2774e02f26680ec4b9393679147cf331) Importer(815301076,1909f56bfc062723c751e8b465ee728b)
Start importing Assets/CleanFlatIcon/png_128/icon/icon_arrow/icon_arrow_28.png using Guid(2774e02f26680ec4b9393679147cf331) Importer(815301076,1909f56bfc062723c751e8b465ee728b)  -> (artifact id: 'a0113e726f43d9f71b86a83ac37bce31') in 0.023524 seconds
Number of updated asset objects reloaded before import = 0
Number of asset objects unloaded after import = 3
========================================================================
Received Import Request.
  Time since last request: 0.080812 seconds.
  path: Assets/ProceduralUIImage/Demo/Icons/double_arrow_left.png
  artifactKey: Guid(3ac79234cbabaee409858d19a49e3f2e) Importer(815301076,1909f56bfc062723c751e8b465ee728b)
Start importing Assets/ProceduralUIImage/Demo/Icons/double_arrow_left.png using Guid(3ac79234cbabaee409858d19a49e3f2e) Importer(815301076,1909f56bfc062723c751e8b465ee728b)  -> (artifact id: '37da7d0942aa4526e76eed939cc0e1a4') in 0.021390 seconds
Number of updated asset objects reloaded before import = 0
Number of asset objects unloaded after import = 3
========================================================================
Received Import Request.
  Time since last request: 0.000017 seconds.
  path: Assets/CleanFlatIcon/png_128/icon/icon_arrow/icon_arrow_2.png
  artifactKey: Guid(b6be25d196d8d0a4a93a47d28a0840bb) Importer(815301076,1909f56bfc062723c751e8b465ee728b)
Start importing Assets/CleanFlatIcon/png_128/icon/icon_arrow/icon_arrow_2.png using Guid(b6be25d196d8d0a4a93a47d28a0840bb) Importer(815301076,1909f56bfc062723c751e8b465ee728b)  -> (artifact id: 'c88656e964ba735b033ad4ffd4dc4cfe') in 0.017912 seconds
Number of updated asset objects reloaded before import = 0
Number of asset objects unloaded after import = 3
========================================================================
Received Import Request.
  Time since last request: 0.000020 seconds.
  path: Assets/CleanFlatIcon/png_128/icon/icon_arrow/icon_arrow_5.png
  artifactKey: Guid(5b017738406457047bbc3d3f984ee923) Importer(815301076,1909f56bfc062723c751e8b465ee728b)
Start importing Assets/CleanFlatIcon/png_128/icon/icon_arrow/icon_arrow_5.png using Guid(5b017738406457047bbc3d3f984ee923) Importer(815301076,1909f56bfc062723c751e8b465ee728b)  -> (artifact id: 'c8978cd04501f6ec524d204fdb12af00') in 0.020601 seconds
Number of updated asset objects reloaded before import = 0
Number of asset objects unloaded after import = 3
========================================================================
Received Import Request.
  Time since last request: 0.001879 seconds.
  path: Assets/CleanFlatIcon/png_128/icon/icon_arrow/icon_arrow_8.png
  artifactKey: Guid(7e285af20ad4d194c8a91a787f532196) Importer(815301076,1909f56bfc062723c751e8b465ee728b)
Start importing Assets/CleanFlatIcon/png_128/icon/icon_arrow/icon_arrow_8.png using Guid(7e285af20ad4d194c8a91a787f532196) Importer(815301076,1909f56bfc062723c751e8b465ee728b)  -> (artifact id: '6566abb78d94824d1f3bdbd753f1ea1f') in 0.019737 seconds
Number of updated asset objects reloaded before import = 0
Number of asset objects unloaded after import = 3
========================================================================
Received Import Request.
  Time since last request: 0.000721 seconds.
  path: Assets/CleanFlatIcon/png_128/icon/icon_arrow/icon_arrow_11.png
  artifactKey: Guid(f65663fa960b40c4ab74a018c9975575) Importer(815301076,1909f56bfc062723c751e8b465ee728b)
Start importing Assets/CleanFlatIcon/png_128/icon/icon_arrow/icon_arrow_11.png using Guid(f65663fa960b40c4ab74a018c9975575) Importer(815301076,1909f56bfc062723c751e8b465ee728b)  -> (artifact id: '5973986ec19fd56a2899626baeab788c') in 0.019554 seconds
Number of updated asset objects reloaded before import = 0
Number of asset objects unloaded after import = 3
========================================================================
Received Import Request.
  Time since last request: 0.001694 seconds.
  path: Assets/CleanFlatIcon/png_128/icon/icon_arrow/icon_arrow_14.png
  artifactKey: Guid(6126091d3965f334fbe06d01650187f4) Importer(815301076,1909f56bfc062723c751e8b465ee728b)
Start importing Assets/CleanFlatIcon/png_128/icon/icon_arrow/icon_arrow_14.png using Guid(6126091d3965f334fbe06d01650187f4) Importer(815301076,1909f56bfc062723c751e8b465ee728b)  -> (artifact id: '1b411080257311d1519fd0efa54538a0') in 0.017988 seconds
Number of updated asset objects reloaded before import = 0
Number of asset objects unloaded after import = 3
========================================================================
Received Import Request.
  Time since last request: 0.000018 seconds.
  path: Assets/CleanFlatIcon/png_128/icon/icon_arrow/icon_arrow_16.png
  artifactKey: Guid(103c7f625e085204ab743373ef48a319) Importer(815301076,1909f56bfc062723c751e8b465ee728b)
Start importing Assets/CleanFlatIcon/png_128/icon/icon_arrow/icon_arrow_16.png using Guid(103c7f625e085204ab743373ef48a319) Importer(815301076,1909f56bfc062723c751e8b465ee728b)  -> (artifact id: '4431e43c5a9425e973e1e9012a651a80') in 0.021952 seconds
Number of updated asset objects reloaded before import = 0
Number of asset objects unloaded after import = 3
========================================================================
Received Import Request.
  Time since last request: 0.000016 seconds.
  path: Assets/CleanFlatIcon/png_128/icon/icon_arrow/icon_arrow_19.png
  artifactKey: Guid(71918e40179853944904955e9ee40fc7) Importer(815301076,1909f56bfc062723c751e8b465ee728b)
Start importing Assets/CleanFlatIcon/png_128/icon/icon_arrow/icon_arrow_19.png using Guid(71918e40179853944904955e9ee40fc7) Importer(815301076,1909f56bfc062723c751e8b465ee728b)  -> (artifact id: 'bd9d57114a618d1d1992813e90c12e0c') in 0.022489 seconds
Number of updated asset objects reloaded before import = 0
Number of asset objects unloaded after import = 3
========================================================================
Received Import Request.
  Time since last request: 124.673434 seconds.
  path: Assets/HONETi/flat_gui_elements/icons_ items/128x128px/boots.png
  artifactKey: Guid(2b116665ef8691c43ba3dd6a930526df) Importer(815301076,1909f56bfc062723c751e8b465ee728b)
Start importing Assets/HONETi/flat_gui_elements/icons_ items/128x128px/boots.png using Guid(2b116665ef8691c43ba3dd6a930526df) Importer(815301076,1909f56bfc062723c751e8b465ee728b)  -> (artifact id: '8250775f6965c0e62729b5e121b49a0e') in 0.046821 seconds
Number of updated asset objects reloaded before import = 0
Number of asset objects unloaded after import = 3
========================================================================
Received Import Request.
  Time since last request: 0.000062 seconds.
  path: Assets/HONETi/flat_gui_elements/icons_ items/128x128px/bow.png
  artifactKey: Guid(71d47c634fc475f479d1bfb94c0db041) Importer(815301076,1909f56bfc062723c751e8b465ee728b)
Start importing Assets/HONETi/flat_gui_elements/icons_ items/128x128px/bow.png using Guid(71d47c634fc475f479d1bfb94c0db041) Importer(815301076,1909f56bfc062723c751e8b465ee728b)  -> (artifact id: 'b367f87b1994dee81db03a75d7430ae9') in 0.022694 seconds
Number of updated asset objects reloaded before import = 0
Number of asset objects unloaded after import = 3
========================================================================
Received Import Request.
  Time since last request: 0.000032 seconds.
  path: Assets/HONETi/flat_gui_elements/icons_ items/64x64px/bow.png
  artifactKey: Guid(38f8cc8aac02672448f9e0f64510bb97) Importer(815301076,1909f56bfc062723c751e8b465ee728b)
Start importing Assets/HONETi/flat_gui_elements/icons_ items/64x64px/bow.png using Guid(38f8cc8aac02672448f9e0f64510bb97) Importer(815301076,1909f56bfc062723c751e8b465ee728b)  -> (artifact id: '9ef6f8227ac45e78fc7895d67944fcf2') in 0.025939 seconds
Number of updated asset objects reloaded before import = 0
Number of asset objects unloaded after import = 3
========================================================================
Received Import Request.
  Time since last request: 0.000506 seconds.
  path: Assets/HONETi/flat_gui_elements/icons_ items/32x32px/bow.png
  artifactKey: Guid(cb89e796fc374784ab1b3450c27a3b20) Importer(815301076,1909f56bfc062723c751e8b465ee728b)
Start importing Assets/HONETi/flat_gui_elements/icons_ items/32x32px/bow.png using Guid(cb89e796fc374784ab1b3450c27a3b20) Importer(815301076,1909f56bfc062723c751e8b465ee728b)  -> (artifact id: 'd0bb13a965ebadc46b9f07dc2483c7a1') in 0.026625 seconds
Number of updated asset objects reloaded before import = 0
Number of asset objects unloaded after import = 3
========================================================================
Received Import Request.
  Time since last request: 38.447140 seconds.
  path: Assets/HONETi/flat_gui_elements/icons_ items/256x256px/arrows.png
  artifactKey: Guid(37e8c4ba77d184e46b05380c352afcaa) Importer(815301076,1909f56bfc062723c751e8b465ee728b)
Start importing Assets/HONETi/flat_gui_elements/icons_ items/256x256px/arrows.png using Guid(37e8c4ba77d184e46b05380c352afcaa) Importer(815301076,1909f56bfc062723c751e8b465ee728b)  -> (artifact id: '25932722c7c734efc0cb2cba37344144') in 0.026854 seconds
Number of updated asset objects reloaded before import = 0
Number of asset objects unloaded after import = 3
========================================================================
Received Import Request.
  Time since last request: 0.082887 seconds.
  path: Assets/HONETi/flat_gui_elements/icons_ items/128x128px/arrow_right_1.png
  artifactKey: Guid(5d5ab5668d24f2948b29b2e8d087e313) Importer(815301076,1909f56bfc062723c751e8b465ee728b)
Start importing Assets/HONETi/flat_gui_elements/icons_ items/128x128px/arrow_right_1.png using Guid(5d5ab5668d24f2948b29b2e8d087e313) Importer(815301076,1909f56bfc062723c751e8b465ee728b)  -> (artifact id: 'a1deb0b4753753b1af8aa45163b58acf') in 0.021112 seconds
Number of updated asset objects reloaded before import = 0
Number of asset objects unloaded after import = 3
========================================================================
Received Import Request.
  Time since last request: 0.000075 seconds.
  path: Assets/HONETi/flat_gui_elements/icons_ items/64x64px/arrow_up_1.png
  artifactKey: Guid(bf8ffd61e6802b148a7101700ce7549e) Importer(815301076,1909f56bfc062723c751e8b465ee728b)
Start importing Assets/HONETi/flat_gui_elements/icons_ items/64x64px/arrow_up_1.png using Guid(bf8ffd61e6802b148a7101700ce7549e) Importer(815301076,1909f56bfc062723c751e8b465ee728b)  -> (artifact id: '04d40bbb7f814ae5bee2c60d6fcbadd3') in 0.023541 seconds
Number of updated asset objects reloaded before import = 0
Number of asset objects unloaded after import = 3
========================================================================
Received Import Request.
  Time since last request: 0.000031 seconds.
  path: Assets/HONETi/flat_gui_elements/icons_ items/32x32px/arrow_up_2.png
  artifactKey: Guid(e78ac29ac587d684bb07fd0c6017c1cf) Importer(815301076,1909f56bfc062723c751e8b465ee728b)
Start importing Assets/HONETi/flat_gui_elements/icons_ items/32x32px/arrow_up_2.png using Guid(e78ac29ac587d684bb07fd0c6017c1cf) Importer(815301076,1909f56bfc062723c751e8b465ee728b)  -> (artifact id: 'a5980e0bec142da2d985d8e603966040') in 0.020821 seconds
Number of updated asset objects reloaded before import = 0
Number of asset objects unloaded after import = 3
========================================================================
Received Import Request.
  Time since last request: 0.000029 seconds.
  path: Assets/HONETi/flat_gui_elements/icons_ items/512x512px/arrow_left_1.png
  artifactKey: Guid(79cac89f8fd6a0249b69ea1851e0edc6) Importer(815301076,1909f56bfc062723c751e8b465ee728b)
Start importing Assets/HONETi/flat_gui_elements/icons_ items/512x512px/arrow_left_1.png using Guid(79cac89f8fd6a0249b69ea1851e0edc6) Importer(815301076,1909f56bfc062723c751e8b465ee728b)  -> (artifact id: '3b50af8e138696c2e3f63ea1a84c7ee6') in 0.024314 seconds
Number of updated asset objects reloaded before import = 0
Number of asset objects unloaded after import = 3
========================================================================
Received Import Request.
  Time since last request: 0.000043 seconds.
  path: Assets/HONETi/flat_gui_elements/icons_ items/128x128px/arrow_right_2.png
  artifactKey: Guid(bcc58dfac9e9dd74daff24a429425d2d) Importer(815301076,1909f56bfc062723c751e8b465ee728b)
Start importing Assets/HONETi/flat_gui_elements/icons_ items/128x128px/arrow_right_2.png using Guid(bcc58dfac9e9dd74daff24a429425d2d) Importer(815301076,1909f56bfc062723c751e8b465ee728b)  -> (artifact id: '21abe19610a0aea8c93048d71ea26818') in 0.022503 seconds
Number of updated asset objects reloaded before import = 0
Number of asset objects unloaded after import = 3
========================================================================
Received Import Request.
  Time since last request: 0.000056 seconds.
  path: Assets/HONETi/flat_gui_elements/icons_ items/32x32px/arrows.png
  artifactKey: Guid(cc3af8cec84ad1249950748d9e5034b9) Importer(815301076,1909f56bfc062723c751e8b465ee728b)
Start importing Assets/HONETi/flat_gui_elements/icons_ items/32x32px/arrows.png using Guid(cc3af8cec84ad1249950748d9e5034b9) Importer(815301076,1909f56bfc062723c751e8b465ee728b)  -> (artifact id: 'a43876f0a25e2e6ac3cfade31239b9c7') in 0.021975 seconds
Number of updated asset objects reloaded before import = 0
Number of asset objects unloaded after import = 3
========================================================================
Received Import Request.
  Time since last request: 0.000022 seconds.
  path: Assets/HONETi/flat_gui_elements/icons_ items/512x512px/arrow_down_2.png
  artifactKey: Guid(abc03acdb6fd73d4cb7216233afd949d) Importer(815301076,1909f56bfc062723c751e8b465ee728b)
Start importing Assets/HONETi/flat_gui_elements/icons_ items/512x512px/arrow_down_2.png using Guid(abc03acdb6fd73d4cb7216233afd949d) Importer(815301076,1909f56bfc062723c751e8b465ee728b)  -> (artifact id: '989c5899665c8b5490094dee10e6baad') in 0.023768 seconds
Number of updated asset objects reloaded before import = 0
Number of asset objects unloaded after import = 3
========================================================================
Received Import Request.
  Time since last request: 0.000029 seconds.
  path: Assets/HONETi/flat_gui_elements/icons_ items/32x32px/arrow_right_2.png
  artifactKey: Guid(4eb9c89da71361747bb25b7ad921fbe5) Importer(815301076,1909f56bfc062723c751e8b465ee728b)
Start importing Assets/HONETi/flat_gui_elements/icons_ items/32x32px/arrow_right_2.png using Guid(4eb9c89da71361747bb25b7ad921fbe5) Importer(815301076,1909f56bfc062723c751e8b465ee728b)  -> (artifact id: '9941cf1fb09d5d7736c6564e15ca9b7b') in 0.023443 seconds
Number of updated asset objects reloaded before import = 0
Number of asset objects unloaded after import = 3
========================================================================
Received Import Request.
  Time since last request: 0.035511 seconds.
  path: Assets/HONETi/flat_gui_elements/icons_ items/64x64px/arrow_left_1.png
  artifactKey: Guid(b8957b9cda9825c4cb6aa04c26e60511) Importer(815301076,1909f56bfc062723c751e8b465ee728b)
Start importing Assets/HONETi/flat_gui_elements/icons_ items/64x64px/arrow_left_1.png using Guid(b8957b9cda9825c4cb6aa04c26e60511) Importer(815301076,1909f56bfc062723c751e8b465ee728b)  -> (artifact id: 'fe3b638176183a2131f9ee4aeed7ac84') in 0.018202 seconds
Number of updated asset objects reloaded before import = 0
Number of asset objects unloaded after import = 3
========================================================================
Received Import Request.
  Time since last request: 0.000023 seconds.
  path: Assets/HONETi/flat_gui_elements/icons_ items/128x128px/arrow_up_2.png
  artifactKey: Guid(e13026f5b2f41ac4fb38e9cf5dc18881) Importer(815301076,1909f56bfc062723c751e8b465ee728b)
Start importing Assets/HONETi/flat_gui_elements/icons_ items/128x128px/arrow_up_2.png using Guid(e13026f5b2f41ac4fb38e9cf5dc18881) Importer(815301076,1909f56bfc062723c751e8b465ee728b)  -> (artifact id: '5b0fa19b2d34927f81f153f1deef1ffd') in 0.025796 seconds
Number of updated asset objects reloaded before import = 0
Number of asset objects unloaded after import = 3
========================================================================
Received Import Request.
  Time since last request: 0.000024 seconds.
  path: Assets/HONETi/flat_gui_elements/icons_ items/64x64px/arrow_up_2.png
  artifactKey: Guid(70b07ef99e74e45439c1199c27d713c8) Importer(815301076,1909f56bfc062723c751e8b465ee728b)
Start importing Assets/HONETi/flat_gui_elements/icons_ items/64x64px/arrow_up_2.png using Guid(70b07ef99e74e45439c1199c27d713c8) Importer(815301076,1909f56bfc062723c751e8b465ee728b)  -> (artifact id: '5ee9dd475a85db4a7f23e670ecae38b3') in 0.019997 seconds
Number of updated asset objects reloaded before import = 0
Number of asset objects unloaded after import = 3
========================================================================
Received Import Request.
  Time since last request: 0.000019 seconds.
  path: Assets/HONETi/flat_gui_elements/icons_ items/256x256px/arrow_down_2.png
  artifactKey: Guid(f93a2f6a8c0e4e94c924181de05d9c88) Importer(815301076,1909f56bfc062723c751e8b465ee728b)
Start importing Assets/HONETi/flat_gui_elements/icons_ items/256x256px/arrow_down_2.png using Guid(f93a2f6a8c0e4e94c924181de05d9c88) Importer(815301076,1909f56bfc062723c751e8b465ee728b)  -> (artifact id: 'c571f554a447da88c1bbe39f96f27833') in 0.016830 seconds
Number of updated asset objects reloaded before import = 0
Number of asset objects unloaded after import = 3
========================================================================
Received Import Request.
  Time since last request: 0.000046 seconds.
  path: Assets/HONETi/flat_gui_elements/icons_ items/64x64px/arrow_right_2.png
  artifactKey: Guid(7e2cfd32d0402174e9466e42c2734de5) Importer(815301076,1909f56bfc062723c751e8b465ee728b)
Start importing Assets/HONETi/flat_gui_elements/icons_ items/64x64px/arrow_right_2.png using Guid(7e2cfd32d0402174e9466e42c2734de5) Importer(815301076,1909f56bfc062723c751e8b465ee728b)  -> (artifact id: 'd95e642ec8f7fdecbcc3d92cae32ce4f') in 0.017106 seconds
Number of updated asset objects reloaded before import = 0
Number of asset objects unloaded after import = 3
========================================================================
Received Import Request.
  Time since last request: 0.000028 seconds.
  path: Assets/HONETi/flat_gui_elements/icons_ items/128x128px/arrows.png
  artifactKey: Guid(41adf303d143f0e4eb91f99f009aea75) Importer(815301076,1909f56bfc062723c751e8b465ee728b)
Start importing Assets/HONETi/flat_gui_elements/icons_ items/128x128px/arrows.png using Guid(41adf303d143f0e4eb91f99f009aea75) Importer(815301076,1909f56bfc062723c751e8b465ee728b)  -> (artifact id: '0f61d9bad8893b248a62a04c7b4c033d') in 0.018473 seconds
Number of updated asset objects reloaded before import = 0
Number of asset objects unloaded after import = 3
========================================================================
Received Import Request.
  Time since last request: 0.686460 seconds.
  path: Assets/HONETi/flat_gui_elements/icons_ items/32x32px/arrow_down_1.png
  artifactKey: Guid(a23e3c79dde4eaa438387316a12d9b8c) Importer(815301076,1909f56bfc062723c751e8b465ee728b)
Start importing Assets/HONETi/flat_gui_elements/icons_ items/32x32px/arrow_down_1.png using Guid(a23e3c79dde4eaa438387316a12d9b8c) Importer(815301076,1909f56bfc062723c751e8b465ee728b)  -> (artifact id: '90511b6000298691cc6823ae2fe186f9') in 0.018266 seconds
Number of updated asset objects reloaded before import = 0
Number of asset objects unloaded after import = 3
========================================================================
Received Import Request.
  Time since last request: 0.000025 seconds.
  path: Assets/HONETi/flat_gui_elements/icons_ items/64x64px/arrow_down_1.png
  artifactKey: Guid(ed68c617780092a4f86fdf82e1cf45fc) Importer(815301076,1909f56bfc062723c751e8b465ee728b)
Start importing Assets/HONETi/flat_gui_elements/icons_ items/64x64px/arrow_down_1.png using Guid(ed68c617780092a4f86fdf82e1cf45fc) Importer(815301076,1909f56bfc062723c751e8b465ee728b)  -> (artifact id: '4dbc1f06cc7a0951ecc8a9c4885c232e') in 0.017882 seconds
Number of updated asset objects reloaded before import = 0
Number of asset objects unloaded after import = 3
========================================================================
Received Import Request.
  Time since last request: 5.066420 seconds.
  path: Assets/HONETi/flat_gui_elements/icons_ items/64x64px/ammunition.png
  artifactKey: Guid(420119045c0b3314eb4fcee37cd7fb27) Importer(815301076,1909f56bfc062723c751e8b465ee728b)
Start importing Assets/HONETi/flat_gui_elements/icons_ items/64x64px/ammunition.png using Guid(420119045c0b3314eb4fcee37cd7fb27) Importer(815301076,1909f56bfc062723c751e8b465ee728b)  -> (artifact id: '7a9fc32418faa5f918d1e50084ce20fb') in 0.020851 seconds
Number of updated asset objects reloaded before import = 0
Number of asset objects unloaded after import = 3
========================================================================
Received Import Request.
  Time since last request: 0.000025 seconds.
  path: Assets/HONETi/flat_gui_elements/icons_ items/32x32px/ammunition.png
  artifactKey: Guid(1b4becbf34fbf0c49bd5df46763cd427) Importer(815301076,1909f56bfc062723c751e8b465ee728b)
Start importing Assets/HONETi/flat_gui_elements/icons_ items/32x32px/ammunition.png using Guid(1b4becbf34fbf0c49bd5df46763cd427) Importer(815301076,1909f56bfc062723c751e8b465ee728b)  -> (artifact id: 'bc17e2b6fdd42778d5272bbeb837822c') in 0.020682 seconds
Number of updated asset objects reloaded before import = 0
Number of asset objects unloaded after import = 3
========================================================================
Received Import Request.
  Time since last request: 0.000083 seconds.
  path: Assets/HONETi/flat_gui_elements/icons_ items/256x256px/hammer.png
  artifactKey: Guid(7af614332d3a8524e95a1df05585abbf) Importer(815301076,1909f56bfc062723c751e8b465ee728b)
Start importing Assets/HONETi/flat_gui_elements/icons_ items/256x256px/hammer.png using Guid(7af614332d3a8524e95a1df05585abbf) Importer(815301076,1909f56bfc062723c751e8b465ee728b)  -> (artifact id: '31486dc5a2838d3ba2ea7391c9ef9573') in 0.025539 seconds
Number of updated asset objects reloaded before import = 0
Number of asset objects unloaded after import = 3
========================================================================
Received Import Request.
  Time since last request: 0.000036 seconds.
  path: Assets/HONETi/flat_gui_elements/icons_ items/128x128px/hammer.png
  artifactKey: Guid(a5c2b1b04293451489ceac1141fff6f2) Importer(815301076,1909f56bfc062723c751e8b465ee728b)
Start importing Assets/HONETi/flat_gui_elements/icons_ items/128x128px/hammer.png using Guid(a5c2b1b04293451489ceac1141fff6f2) Importer(815301076,1909f56bfc062723c751e8b465ee728b)  -> (artifact id: 'b81745e45aa5f8076ef6b5e0e450832e') in 0.023034 seconds
Number of updated asset objects reloaded before import = 0
Number of asset objects unloaded after import = 3
========================================================================
Received Import Request.
  Time since last request: 0.000033 seconds.
  path: Assets/HONETi/flat_gui_elements/icons_ items/128x128px/ammunition.png
  artifactKey: Guid(c73fb1c9799d0b34a8cdd72800c43965) Importer(815301076,1909f56bfc062723c751e8b465ee728b)
Start importing Assets/HONETi/flat_gui_elements/icons_ items/128x128px/ammunition.png using Guid(c73fb1c9799d0b34a8cdd72800c43965) Importer(815301076,1909f56bfc062723c751e8b465ee728b)  -> (artifact id: '664752ac1eb28733fd330b72abb34c9b') in 0.025966 seconds
Number of updated asset objects reloaded before import = 0
Number of asset objects unloaded after import = 3
========================================================================
Received Import Request.
  Time since last request: 6.332709 seconds.
  path: Assets/HONETi/flat_gui_elements/panels/action_bar_item_slot.png
  artifactKey: Guid(eef248d53b3f7bb4aa30a403a6cfd41c) Importer(815301076,1909f56bfc062723c751e8b465ee728b)
Start importing Assets/HONETi/flat_gui_elements/panels/action_bar_item_slot.png using Guid(eef248d53b3f7bb4aa30a403a6cfd41c) Importer(815301076,1909f56bfc062723c751e8b465ee728b)  -> (artifact id: '8061239c39a0be7035b7ae98b6b41411') in 0.026180 seconds
Number of updated asset objects reloaded before import = 0
Number of asset objects unloaded after import = 3
========================================================================
Received Import Request.
  Time since last request: 0.000024 seconds.
  path: Assets/HONETi/flat_gui_elements/icons_ items/128x128px/air.png
  artifactKey: Guid(98c9e9246adf753418d2f1c484b8bc1b) Importer(815301076,1909f56bfc062723c751e8b465ee728b)
Start importing Assets/HONETi/flat_gui_elements/icons_ items/128x128px/air.png using Guid(98c9e9246adf753418d2f1c484b8bc1b) Importer(815301076,1909f56bfc062723c751e8b465ee728b)  -> (artifact id: '12551c318000f3f23091341f19312840') in 0.022967 seconds
Number of updated asset objects reloaded before import = 0
Number of asset objects unloaded after import = 3
========================================================================
Received Import Request.
  Time since last request: 1.137185 seconds.
  path: Assets/HONETi/flat_gui_elements/icons_ items/32x32px/quiver.png
  artifactKey: Guid(43b485eb7c6ee6a47bc5d17847c8fea0) Importer(815301076,1909f56bfc062723c751e8b465ee728b)
Start importing Assets/HONETi/flat_gui_elements/icons_ items/32x32px/quiver.png using Guid(43b485eb7c6ee6a47bc5d17847c8fea0) Importer(815301076,1909f56bfc062723c751e8b465ee728b)  -> (artifact id: '320b28aec4dc81bbb164e0116d6461df') in 0.022252 seconds
Number of updated asset objects reloaded before import = 0
Number of asset objects unloaded after import = 3
========================================================================
Received Import Request.
  Time since last request: 11.897102 seconds.
  path: Assets/YAFUI/Icons/png128/format-header-1.png
  artifactKey: Guid(235609e70853bec43bdc4c619b39286b) Importer(815301076,1909f56bfc062723c751e8b465ee728b)
Start importing Assets/YAFUI/Icons/png128/format-header-1.png using Guid(235609e70853bec43bdc4c619b39286b) Importer(815301076,1909f56bfc062723c751e8b465ee728b)  -> (artifact id: '4be82765aded00099cc5da7d00561581') in 0.017180 seconds
Number of updated asset objects reloaded before import = 0
Number of asset objects unloaded after import = 3
========================================================================
Received Import Request.
  Time since last request: 0.001845 seconds.
  path: Assets/YAFUI/Icons/png128/format-header-4.png
  artifactKey: Guid(6fe552add3f333b4f8d7fa1dae96b441) Importer(815301076,1909f56bfc062723c751e8b465ee728b)
Start importing Assets/YAFUI/Icons/png128/format-header-4.png using Guid(6fe552add3f333b4f8d7fa1dae96b441) Importer(815301076,1909f56bfc062723c751e8b465ee728b)  -> (artifact id: 'a1e07145b9054dce258ce2dd4fecb933') in 0.019022 seconds
Number of updated asset objects reloaded before import = 0
Number of asset objects unloaded after import = 3
========================================================================
Received Import Request.
  Time since last request: 0.000026 seconds.
  path: Assets/YAFUI/Icons/png128/format-header-decrease.png
  artifactKey: Guid(b98ee9ee0f7c2844a8443346077956bd) Importer(815301076,1909f56bfc062723c751e8b465ee728b)
Start importing Assets/YAFUI/Icons/png128/format-header-decrease.png using Guid(b98ee9ee0f7c2844a8443346077956bd) Importer(815301076,1909f56bfc062723c751e8b465ee728b)  -> (artifact id: 'ea81f6cfb93dc0f5e7c949aa3bcc0e2d') in 0.021321 seconds
Number of updated asset objects reloaded before import = 0
Number of asset objects unloaded after import = 3
========================================================================
Received Import Request.
  Time since last request: 0.002799 seconds.
  path: Assets/YAFUI/Icons/png128/format-header-pound.png
  artifactKey: Guid(d077dd85a1023a34fb4194dfa335af0a) Importer(815301076,1909f56bfc062723c751e8b465ee728b)
Start importing Assets/YAFUI/Icons/png128/format-header-pound.png using Guid(d077dd85a1023a34fb4194dfa335af0a) Importer(815301076,1909f56bfc062723c751e8b465ee728b)  -> (artifact id: '20b3342440e4d0b0bef3974ea76aacd6') in 0.019977 seconds
Number of updated asset objects reloaded before import = 0
Number of asset objects unloaded after import = 3
========================================================================
Received Import Request.
  Time since last request: 0.000022 seconds.
  path: Assets/YAFUI/Icons/png128/headphones-box.png
  artifactKey: Guid(5dba7a988e6f5164f96fd2611db431e8) Importer(815301076,1909f56bfc062723c751e8b465ee728b)
Start importing Assets/YAFUI/Icons/png128/headphones-box.png using Guid(5dba7a988e6f5164f96fd2611db431e8) Importer(815301076,1909f56bfc062723c751e8b465ee728b)  -> (artifact id: '6aa167b398bce67b55e157f2bc2249fd') in 0.023210 seconds
Number of updated asset objects reloaded before import = 0
Number of asset objects unloaded after import = 3
========================================================================
Received Import Request.
  Time since last request: 0.000024 seconds.
  path: Assets/YAFUI/Icons/png128/headset.png
  artifactKey: Guid(5507c47d7ff48164aaa9a87c27ef55db) Importer(815301076,1909f56bfc062723c751e8b465ee728b)
Start importing Assets/YAFUI/Icons/png128/headset.png using Guid(5507c47d7ff48164aaa9a87c27ef55db) Importer(815301076,1909f56bfc062723c751e8b465ee728b)  -> (artifact id: '7093b754b9159a36d0b050077c143ff4') in 0.020313 seconds
Number of updated asset objects reloaded before import = 0
Number of asset objects unloaded after import = 3
========================================================================
Received Import Request.
  Time since last request: 0.000056 seconds.
  path: Assets/YAFUI/Icons/png128/headset-off.png
  artifactKey: Guid(ab81f983bb3febf4d98643ea1121cc44) Importer(815301076,1909f56bfc062723c751e8b465ee728b)
Start importing Assets/YAFUI/Icons/png128/headset-off.png using Guid(ab81f983bb3febf4d98643ea1121cc44) Importer(815301076,1909f56bfc062723c751e8b465ee728b)  -> (artifact id: '6bbc41638dd8b8a1ef27fb5a82bda09a') in 0.019806 seconds
Number of updated asset objects reloaded before import = 0
Number of asset objects unloaded after import = 3
========================================================================
Received Import Request.
  Time since last request: 4.521874 seconds.
  path: Assets/YAFUI/Icons/png128/football-helmet.png
  artifactKey: Guid(528d0fa4d1c331944b52728fc99d9b35) Importer(815301076,1909f56bfc062723c751e8b465ee728b)
Start importing Assets/YAFUI/Icons/png128/football-helmet.png using Guid(528d0fa4d1c331944b52728fc99d9b35) Importer(815301076,1909f56bfc062723c751e8b465ee728b)  -> (artifact id: '7d9d6a11889be41e55635f2365d865f5') in 0.019516 seconds
Number of updated asset objects reloaded before import = 0
Number of asset objects unloaded after import = 3
========================================================================
Received Import Request.
  Time since last request: 0.000051 seconds.
  path: Assets/HONETi/flat_gui_elements/icons_ items/256x256px/helmet.png
  artifactKey: Guid(cc675fe44bf1ee645a6bf38716f3842d) Importer(815301076,1909f56bfc062723c751e8b465ee728b)
Start importing Assets/HONETi/flat_gui_elements/icons_ items/256x256px/helmet.png using Guid(cc675fe44bf1ee645a6bf38716f3842d) Importer(815301076,1909f56bfc062723c751e8b465ee728b)  -> (artifact id: 'fcf3238b46df53d040417b91e2e5981e') in 0.021248 seconds
Number of updated asset objects reloaded before import = 0
Number of asset objects unloaded after import = 3
========================================================================
Received Import Request.
  Time since last request: 0.000026 seconds.
  path: Assets/HONETi/flat_gui_elements/icons_ items/64x64px/helmet.png
  artifactKey: Guid(0644227e7e3e9824da8980dc14313282) Importer(815301076,1909f56bfc062723c751e8b465ee728b)
Start importing Assets/HONETi/flat_gui_elements/icons_ items/64x64px/helmet.png using Guid(0644227e7e3e9824da8980dc14313282) Importer(815301076,1909f56bfc062723c751e8b465ee728b)  -> (artifact id: 'a5008e62bbaf20d4c5666e19fb752a8f') in 0.020496 seconds
Number of updated asset objects reloaded before import = 0
Number of asset objects unloaded after import = 3
========================================================================
Received Import Request.
  Time since last request: 7.298756 seconds.
  path: Assets/YAFUI/Icons/png128/hanger.png
  artifactKey: Guid(2c7c13a013368164e91e420a7faf12ab) Importer(815301076,1909f56bfc062723c751e8b465ee728b)
Start importing Assets/YAFUI/Icons/png128/hanger.png using Guid(2c7c13a013368164e91e420a7faf12ab) Importer(815301076,1909f56bfc062723c751e8b465ee728b)  -> (artifact id: '1fcfd6df0e96d3560ecd09fdfb583512') in 0.024463 seconds
Number of updated asset objects reloaded before import = 0
Number of asset objects unloaded after import = 3
========================================================================
Received Import Request.
  Time since last request: 0.000029 seconds.
  path: Assets/HONETi/flat_gui_elements/icons_ items/64x64px/heart.png
  artifactKey: Guid(9374eb674bc05e244930ead98ba89bca) Importer(815301076,1909f56bfc062723c751e8b465ee728b)
Start importing Assets/HONETi/flat_gui_elements/icons_ items/64x64px/heart.png using Guid(9374eb674bc05e244930ead98ba89bca) Importer(815301076,1909f56bfc062723c751e8b465ee728b)  -> (artifact id: 'd1b323b6538185621043adcac20740f0') in 0.021496 seconds
Number of updated asset objects reloaded before import = 0
Number of asset objects unloaded after import = 3
========================================================================
Received Import Request.
  Time since last request: 0.000026 seconds.
  path: Assets/HONETi/flat_gui_elements/icons_ items/128x128px/heart.png
  artifactKey: Guid(464acbf75cfc7f4488db2bd9cacd1d3c) Importer(815301076,1909f56bfc062723c751e8b465ee728b)
Start importing Assets/HONETi/flat_gui_elements/icons_ items/128x128px/heart.png using Guid(464acbf75cfc7f4488db2bd9cacd1d3c) Importer(815301076,1909f56bfc062723c751e8b465ee728b)  -> (artifact id: 'cdaab975a32798199ca75ee519be3589') in 0.020643 seconds
Number of updated asset objects reloaded before import = 0
Number of asset objects unloaded after import = 3
========================================================================
Received Import Request.
  Time since last request: 0.000032 seconds.
  path: Assets/YAFUI/Icons/png128/heart-broken.png
  artifactKey: Guid(b836106e5005144428af1d5f16e224c3) Importer(815301076,1909f56bfc062723c751e8b465ee728b)
Start importing Assets/YAFUI/Icons/png128/heart-broken.png using Guid(b836106e5005144428af1d5f16e224c3) Importer(815301076,1909f56bfc062723c751e8b465ee728b)  -> (artifact id: 'c92966c2d0305590eee205ea041b3b12') in 0.024385 seconds
Number of updated asset objects reloaded before import = 0
Number of asset objects unloaded after import = 3
========================================================================
Received Import Request.
  Time since last request: 0.000023 seconds.
  path: Assets/HONETi/flat_gui_elements/icons_ items/32x32px/heart.png
  artifactKey: Guid(5e8fc12da3c2d7b44900e5e4f42449a6) Importer(815301076,1909f56bfc062723c751e8b465ee728b)
Start importing Assets/HONETi/flat_gui_elements/icons_ items/32x32px/heart.png using Guid(5e8fc12da3c2d7b44900e5e4f42449a6) Importer(815301076,1909f56bfc062723c751e8b465ee728b)  -> (artifact id: 'e41cab4f92c1aec4a61532e360001a22') in 0.021443 seconds
Number of updated asset objects reloaded before import = 0
Number of asset objects unloaded after import = 3
========================================================================
Received Import Request.
  Time since last request: 0.000018 seconds.
  path: Assets/YAFUI/Icons/png128/help-box.png
  artifactKey: Guid(1c327ab6eae654f4bb5bfe2a503c1c69) Importer(815301076,1909f56bfc062723c751e8b465ee728b)
Start importing Assets/YAFUI/Icons/png128/help-box.png using Guid(1c327ab6eae654f4bb5bfe2a503c1c69) Importer(815301076,1909f56bfc062723c751e8b465ee728b)  -> (artifact id: '7653dac074a7a101524f93908e77da89') in 0.021636 seconds
Number of updated asset objects reloaded before import = 0
Number of asset objects unloaded after import = 3
========================================================================
Received Import Request.
  Time since last request: 0.000024 seconds.
  path: Assets/YAFUI/Icons/png128/help-circle-outline.png
  artifactKey: Guid(97e7c0855150f1c4dacce73c145e5385) Importer(815301076,1909f56bfc062723c751e8b465ee728b)
Start importing Assets/YAFUI/Icons/png128/help-circle-outline.png using Guid(97e7c0855150f1c4dacce73c145e5385) Importer(815301076,1909f56bfc062723c751e8b465ee728b)  -> (artifact id: '88580171f32f076dac70f83177516d1c') in 0.022199 seconds
Number of updated asset objects reloaded before import = 0
Number of asset objects unloaded after import = 3
========================================================================
Received Import Request.
  Time since last request: 0.000021 seconds.
  path: Assets/YAFUI/Icons/png128/highway.png
  artifactKey: Guid(805f594b197030f439d10acbf960fdb9) Importer(815301076,1909f56bfc062723c751e8b465ee728b)
Start importing Assets/YAFUI/Icons/png128/highway.png using Guid(805f594b197030f439d10acbf960fdb9) Importer(815301076,1909f56bfc062723c751e8b465ee728b)  -> (artifact id: 'ebf9240e7122fc6384be0ef91e9d83b5') in 0.020936 seconds
Number of updated asset objects reloaded before import = 0
Number of asset objects unloaded after import = 3
========================================================================
Received Import Request.
  Time since last request: 0.000022 seconds.
  path: Assets/HONETi/flat_gui_elements/icons_ items/32x32px/home.png
  artifactKey: Guid(d34808798c7e11242b8879069da53ef2) Importer(815301076,1909f56bfc062723c751e8b465ee728b)
Start importing Assets/HONETi/flat_gui_elements/icons_ items/32x32px/home.png using Guid(d34808798c7e11242b8879069da53ef2) Importer(815301076,1909f56bfc062723c751e8b465ee728b)  -> (artifact id: '44a84827095c062796d67ee4a7de39fe') in 0.020135 seconds
Number of updated asset objects reloaded before import = 0
Number of asset objects unloaded after import = 3
========================================================================
Received Import Request.
  Time since last request: 0.000024 seconds.
  path: Assets/HONETi/flat_gui_elements/icons_ items/64x64px/help.png
  artifactKey: Guid(0be53ba6dbf6ad842be6cad9a2ca1755) Importer(815301076,1909f56bfc062723c751e8b465ee728b)
Start importing Assets/HONETi/flat_gui_elements/icons_ items/64x64px/help.png using Guid(0be53ba6dbf6ad842be6cad9a2ca1755) Importer(815301076,1909f56bfc062723c751e8b465ee728b)  -> (artifact id: '6e115a1d8473f0b7f027bdf079bd415e') in 0.024054 seconds
Number of updated asset objects reloaded before import = 0
Number of asset objects unloaded after import = 3
========================================================================
Received Import Request.
  Time since last request: 0.000023 seconds.
  path: Assets/HONETi/flat_gui_elements/icons_ items/64x64px/home.png
  artifactKey: Guid(762afa5838e32fa4ebf2e63d7382711d) Importer(815301076,1909f56bfc062723c751e8b465ee728b)
Start importing Assets/HONETi/flat_gui_elements/icons_ items/64x64px/home.png using Guid(762afa5838e32fa4ebf2e63d7382711d) Importer(815301076,1909f56bfc062723c751e8b465ee728b)  -> (artifact id: 'b9d5a6ce1736407e07ac836967d5b2df') in 0.021979 seconds
Number of updated asset objects reloaded before import = 0
Number of asset objects unloaded after import = 3
========================================================================
Received Import Request.
  Time since last request: 0.000016 seconds.
  path: Assets/HONETi/flat_gui_elements/icons_ items/512x512px/help.png
  artifactKey: Guid(06d807a643fcb034ebfca6eec41b28d2) Importer(815301076,1909f56bfc062723c751e8b465ee728b)
Start importing Assets/HONETi/flat_gui_elements/icons_ items/512x512px/help.png using Guid(06d807a643fcb034ebfca6eec41b28d2) Importer(815301076,1909f56bfc062723c751e8b465ee728b)  -> (artifact id: '6a50a9d17bf5faa3bc266766b5a7ed67') in 0.019859 seconds
Number of updated asset objects reloaded before import = 0
Number of asset objects unloaded after import = 3
========================================================================
Received Import Request.
  Time since last request: 0.000055 seconds.
  path: Assets/YAFUI/Icons/png128/high-definition.png
  artifactKey: Guid(f97799ab1bdbae24484e9a5c15c239c8) Importer(815301076,1909f56bfc062723c751e8b465ee728b)
Start importing Assets/YAFUI/Icons/png128/high-definition.png using Guid(f97799ab1bdbae24484e9a5c15c239c8) Importer(815301076,1909f56bfc062723c751e8b465ee728b)  -> (artifact id: '059e1c4dde363066470918e45d758620') in 0.020512 seconds
Number of updated asset objects reloaded before import = 0
Number of asset objects unloaded after import = 3
========================================================================
Received Import Request.
  Time since last request: 0.000042 seconds.
  path: Assets/HONETi/flat_gui_elements/icons_ items/256x256px/help.png
  artifactKey: Guid(f3ed57a3e9643e14d96a420b2e69377b) Importer(815301076,1909f56bfc062723c751e8b465ee728b)
Start importing Assets/HONETi/flat_gui_elements/icons_ items/256x256px/help.png using Guid(f3ed57a3e9643e14d96a420b2e69377b) Importer(815301076,1909f56bfc062723c751e8b465ee728b)  -> (artifact id: '0b49469558268854d3541bf8fcc6a0a6') in 0.019858 seconds
Number of updated asset objects reloaded before import = 0
Number of asset objects unloaded after import = 3
========================================================================
Received Import Request.
  Time since last request: 0.815565 seconds.
  path: Assets/HONETi/flat_gui_elements/icons_ items/128x128px/gun.png
  artifactKey: Guid(9e3a3cc37009d49458f36e5cb5627ffc) Importer(815301076,1909f56bfc062723c751e8b465ee728b)
Start importing Assets/HONETi/flat_gui_elements/icons_ items/128x128px/gun.png using Guid(9e3a3cc37009d49458f36e5cb5627ffc) Importer(815301076,1909f56bfc062723c751e8b465ee728b)  -> (artifact id: 'd02ae300fd27581e8028bfe6de17d861') in 0.015931 seconds
Number of updated asset objects reloaded before import = 0
Number of asset objects unloaded after import = 3
========================================================================
Received Import Request.
  Time since last request: 0.091984 seconds.
  path: Assets/HONETi/flat_gui_elements/icons_ items/32x32px/gun.png
  artifactKey: Guid(04feb9d41e88d7246a7f28f3d8500ab7) Importer(815301076,1909f56bfc062723c751e8b465ee728b)
Start importing Assets/HONETi/flat_gui_elements/icons_ items/32x32px/gun.png using Guid(04feb9d41e88d7246a7f28f3d8500ab7) Importer(815301076,1909f56bfc062723c751e8b465ee728b)  -> (artifact id: '7c5f49e0c3bca0c62a2cd88528a08da2') in 0.017982 seconds
Number of updated asset objects reloaded before import = 0
Number of asset objects unloaded after import = 3
========================================================================
Received Import Request.
  Time since last request: 6.198516 seconds.
  path: Assets/HONETi/flat_gui_elements/icons_ items/512x512px/radio.png
  artifactKey: Guid(afe02f23366b8ad498634f4f9ae20468) Importer(815301076,1909f56bfc062723c751e8b465ee728b)
Start importing Assets/HONETi/flat_gui_elements/icons_ items/512x512px/radio.png using Guid(afe02f23366b8ad498634f4f9ae20468) Importer(815301076,1909f56bfc062723c751e8b465ee728b)  -> (artifact id: 'ae83e8d684713356a30a2d2f28d7d91a') in 0.022495 seconds
Number of updated asset objects reloaded before import = 0
Number of asset objects unloaded after import = 3
========================================================================
Received Import Request.
  Time since last request: 0.000021 seconds.
  path: Assets/HONETi/flat_gui_elements/icons_ items/32x32px/radio.png
  artifactKey: Guid(70810205c0c19e344823a737cbb22000) Importer(815301076,1909f56bfc062723c751e8b465ee728b)
Start importing Assets/HONETi/flat_gui_elements/icons_ items/32x32px/radio.png using Guid(70810205c0c19e344823a737cbb22000) Importer(815301076,1909f56bfc062723c751e8b465ee728b)  -> (artifact id: '0de961ad05043510a8f627f0febd7199') in 0.019606 seconds
Number of updated asset objects reloaded before import = 0
Number of asset objects unloaded after import = 3
Editor requested this worker to shutdown with reason: Scaling down because of idle timeout
TcpMessagingSession - receive error: operation aborted. errorcode: 995, details: The I/O operation has been aborted because of either a thread exit or an application request.
AssetImportWorker is now disconnected from the server
Process exiting
Exiting without the bug reporter. Application will terminate with return code 0