Using pre-set license
Built from '2022.3/staging' branch; Version is '2022.3.21f1 (bf09ca542b87) revision 12519882'; Using compiler version '192829333'; Build Type 'Release'
OS: 'Windows 11  (10.0.22631) 64bit Core' Language: 'en' Physical Memory: 32619 MB
BatchMode: 1, IsHumanControllingUs: 0, StartBugReporterOnCrash: 0, Is64bit: 1, IsPro: 1

COMMAND LINE ARGUMENTS:
D:\Unity\2022.3.21f1\Editor\Unity.exe
-adb2
-batchMode
-noUpm
-name
AssetImportWorker9
-projectPath
D:/clara-mundi-2
-logFile
Logs/AssetImportWorker9.log
-srvPort
53939
Successfully changed project path to: D:/clara-mundi-2
D:/clara-mundi-2
[UnityMemory] Configuration Parameters - Can be set up in boot.config
    "memorysetup-bucket-allocator-granularity=16"
    "memorysetup-bucket-allocator-bucket-count=8"
    "memorysetup-bucket-allocator-block-size=33554432"
    "memorysetup-bucket-allocator-block-count=8"
    "memorysetup-main-allocator-block-size=16777216"
    "memorysetup-thread-allocator-block-size=16777216"
    "memorysetup-gfx-main-allocator-block-size=16777216"
    "memorysetup-gfx-thread-allocator-block-size=16777216"
    "memorysetup-cache-allocator-block-size=4194304"
    "memorysetup-typetree-allocator-block-size=2097152"
    "memorysetup-profiler-bucket-allocator-granularity=16"
    "memorysetup-profiler-bucket-allocator-bucket-count=8"
    "memorysetup-profiler-bucket-allocator-block-size=33554432"
    "memorysetup-profiler-bucket-allocator-block-count=8"
    "memorysetup-profiler-allocator-block-size=16777216"
    "memorysetup-profiler-editor-allocator-block-size=1048576"
    "memorysetup-temp-allocator-size-main=16777216"
    "memorysetup-job-temp-allocator-block-size=2097152"
    "memorysetup-job-temp-allocator-block-size-background=1048576"
    "memorysetup-job-temp-allocator-reduction-small-platforms=262144"
    "memorysetup-allocator-temp-initial-block-size-main=262144"
    "memorysetup-allocator-temp-initial-block-size-worker=262144"
    "memorysetup-temp-allocator-size-background-worker=32768"
    "memorysetup-temp-allocator-size-job-worker=262144"
    "memorysetup-temp-allocator-size-preload-manager=33554432"
    "memorysetup-temp-allocator-size-nav-mesh-worker=65536"
    "memorysetup-temp-allocator-size-audio-worker=65536"
    "memorysetup-temp-allocator-size-cloud-worker=32768"
    "memorysetup-temp-allocator-size-gi-baking-worker=262144"
    "memorysetup-temp-allocator-size-gfx=262144"
Player connection [38588] Host "[IP] 192.168.1.172 [Port] 0 [Flags] 2 [Guid] 3372531542 [EditorId] 3372531542 [Version] 1048832 [Id] WindowsEditor(7,Justin-HomePC) [Debug] 1 [PackageName] WindowsEditor [ProjectName] Editor" joined multi-casting on [225.0.0.222:54997]...

Player connection [38588] Host "[IP] 192.168.1.172 [Port] 0 [Flags] 2 [Guid] 3372531542 [EditorId] 3372531542 [Version] 1048832 [Id] WindowsEditor(7,Justin-HomePC) [Debug] 1 [PackageName] WindowsEditor [ProjectName] Editor" joined alternative multi-casting on [225.0.0.222:34997]...

[Physics::Module] Initialized MultithreadedJobDispatcher with 11 workers.
Refreshing native plugins compatible for Editor in 30.06 ms, found 3 plugins.
Preloading 0 native plugins for Editor in 0.00 ms.
Initialize engine version: 2022.3.21f1 (bf09ca542b87)
[Subsystems] Discovering subsystems at path D:/Unity/2022.3.21f1/Editor/Data/Resources/UnitySubsystems
[Subsystems] Discovering subsystems at path D:/clara-mundi-2/Assets
GfxDevice: creating device client; threaded=0; jobified=0
Direct3D:
    Version:  Direct3D 11.0 [level 11.1]
    Renderer: NVIDIA GeForce GTX 1650 (ID=0x1f91)
    Vendor:   NVIDIA
    VRAM:     3935 MB
    Driver:   31.0.15.5123
Initialize mono
Mono path[0] = 'D:/Unity/2022.3.21f1/Editor/Data/Managed'
Mono path[1] = 'D:/Unity/2022.3.21f1/Editor/Data/MonoBleedingEdge/lib/mono/unityjit-win32'
Mono config path = 'D:/Unity/2022.3.21f1/Editor/Data/MonoBleedingEdge/etc'
Using monoOptions --debugger-agent=transport=dt_socket,embedding=1,server=y,suspend=n,address=127.0.0.1:56612
Begin MonoManager ReloadAssembly
Registering precompiled unity dll's ...
Register platform support module: D:/Unity/2022.3.21f1/Editor/Data/PlaybackEngines/WebGLSupport/UnityEditor.WebGL.Extensions.dll
Register platform support module: D:/Unity/2022.3.21f1/Editor/Data/PlaybackEngines/WindowsStandaloneSupport/UnityEditor.WindowsStandalone.Extensions.dll
Registered in 0.004759 seconds.
- Loaded All Assemblies, in  0.420 seconds
Native extension for WindowsStandalone target not found
Native extension for WebGL target not found
Mono: successfully reloaded assembly
- Finished resetting the current domain, in  0.367 seconds
Domain Reload Profiling: 787ms
	BeginReloadAssembly (126ms)
		ExecutionOrderSort (0ms)
		DisableScriptedObjects (0ms)
		BackupInstance (0ms)
		ReleaseScriptingObjects (0ms)
		CreateAndSetChildDomain (1ms)
	RebuildCommonClasses (38ms)
	RebuildNativeTypeToScriptingClass (18ms)
	initialDomainReloadingComplete (63ms)
	LoadAllAssembliesAndSetupDomain (175ms)
		LoadAssemblies (125ms)
		RebuildTransferFunctionScriptingTraits (0ms)
		AnalyzeDomain (173ms)
			TypeCache.Refresh (171ms)
				TypeCache.ScanAssembly (156ms)
			ScanForSourceGeneratedMonoScriptInfo (0ms)
			ResolveRequiredComponents (1ms)
	FinalizeReload (367ms)
		ReleaseScriptCaches (0ms)
		RebuildScriptCaches (0ms)
		SetupLoadedEditorAssemblies (287ms)
			LogAssemblyErrors (0ms)
			InitializePlatformSupportModulesInManaged (10ms)
			SetLoadedEditorAssemblies (9ms)
			RefreshPlugins (0ms)
			BeforeProcessingInitializeOnLoad (3ms)
			ProcessInitializeOnLoadAttributes (200ms)
			ProcessInitializeOnLoadMethodAttributes (66ms)
			AfterProcessingInitializeOnLoad (0ms)
			EditorAssembliesLoaded (0ms)
		ExecutionOrderSort2 (0ms)
		AwakeInstancesAfterBackupRestoration (0ms)
========================================================================
Worker process is ready to serve import requests
Begin MonoManager ReloadAssembly
Symbol file LoadedFromMemory is not a mono symbol file
- Loaded All Assemblies, in  1.096 seconds
Refreshing native plugins compatible for Editor in 12.63 ms, found 3 plugins.
Native extension for WindowsStandalone target not found
Native extension for WebGL target not found
[MODES] ModeService[none].Initialize
[MODES] ModeService[none].LoadModes
[MODES] Loading mode Default (0) for mode-current-id-My project
Launched and connected shader compiler UnityShaderCompiler.exe after 0.06 seconds
Mono: successfully reloaded assembly
- Finished resetting the current domain, in  2.033 seconds
Domain Reload Profiling: 3130ms
	BeginReloadAssembly (167ms)
		ExecutionOrderSort (0ms)
		DisableScriptedObjects (6ms)
		BackupInstance (0ms)
		ReleaseScriptingObjects (0ms)
		CreateAndSetChildDomain (29ms)
	RebuildCommonClasses (42ms)
	RebuildNativeTypeToScriptingClass (16ms)
	initialDomainReloadingComplete (72ms)
	LoadAllAssembliesAndSetupDomain (799ms)
		LoadAssemblies (494ms)
		RebuildTransferFunctionScriptingTraits (0ms)
		AnalyzeDomain (399ms)
			TypeCache.Refresh (323ms)
				TypeCache.ScanAssembly (299ms)
			ScanForSourceGeneratedMonoScriptInfo (55ms)
			ResolveRequiredComponents (18ms)
	FinalizeReload (2034ms)
		ReleaseScriptCaches (0ms)
		RebuildScriptCaches (0ms)
		SetupLoadedEditorAssemblies (1769ms)
			LogAssemblyErrors (0ms)
			InitializePlatformSupportModulesInManaged (6ms)
			SetLoadedEditorAssemblies (6ms)
			RefreshPlugins (0ms)
			BeforeProcessingInitializeOnLoad (195ms)
			ProcessInitializeOnLoadAttributes (597ms)
			ProcessInitializeOnLoadMethodAttributes (961ms)
			AfterProcessingInitializeOnLoad (3ms)
			EditorAssembliesLoaded (1ms)
		ExecutionOrderSort2 (0ms)
		AwakeInstancesAfterBackupRestoration (8ms)
Refreshing native plugins compatible for Editor in 13.16 ms, found 3 plugins.
Preloading 0 native plugins for Editor in 0.00 ms.
Unloading 9019 Unused Serialized files (Serialized files now loaded: 0)
Unloading 124 unused Assets / (154.6 KB). Loaded Objects now: 9520.
Memory consumption went from 309.4 MB to 309.2 MB.
Total: 22.303000 ms (FindLiveObjects: 0.663700 ms CreateObjectMapping: 0.698700 ms MarkObjects: 20.679400 ms  DeleteObjects: 0.259800 ms)

AssetImportParameters requested are different than current active one (requested -> active):
  custom:scripting/monoscript/fileName/JobsILPostProcessor.cs: 0718871d0405926db442b5f327f072ec -> 3f303034a10abbfb33aebc2c253ab939
  custom:container-demuxer-ogg: 62fdf1f143b41e24485cea50d1cbac27 -> 
  custom:framework-win-MediaFoundation: 216162199b28c13a410421893ffa2e32 -> 
  custom:container-muxer-webm: aa71ff27fc2769a1b78a27578f13a17b -> 
  custom:video-decoder-webm-vp8: 9c59270c3fd7afecdb556c50c9e8de78 -> 
  custom:SearchIndexIgnoredProperties: e643bd26f0fe6173181afceb89e7c659 -> 
  custom:AudioImporter_EditorPlatform: d09bf68614088b80899f8185d706f6e7 -> 
  custom:audio-decoder-ogg-vorbis: bf7c407c2cedff20999df2af8eb42d56 -> 
  custom:scripting/monoscript/fileName/CustomNavigation.cs: c682db03b2347dfe7490e8c67a705224 -> 
  custom:audio-encoder-webm-vorbis: bf7c407c2cedff20999df2af8eb42d56 -> 
  custom:video-codec-MediaFoundation-h265: 746d11721c4dcdbdad8f713fa42b33f4 -> 
  custom:scripting/monoscript/fileName/MathematicsDrawers.cs: 3516c7637368692549c33d446e908c0a -> f55ff2195245c57ad8dd4ae275cfa5b5
  custom:video-decoder-ogg-theora: a1e56fd34408186e4bbccfd4996cb3dc -> 
  custom:CustomObjectIndexerAttribute: 9a22284fe3817be447336de3de66b15e -> 
  custom:container-demuxer-webm: 4f35f7cbe854078d1ac9338744f61a02 -> 
  custom:scripting/precompiled-assembly-types:Unity.Cecil: 934eb9cb90b2d4122cdab328a8f31a56 -> a7f6985e8396a120b39fef08582fc409
  custom:scripting/monoscript/fileName/NCalcParser.cs: db61961eecf05360f8f4faca73024b2f -> 8e26acbdb2328e839bb63f98d07bd324
  custom:scripting/monoscript/fileName/CoverageReportGenerator.cs: 3ea35e588ed069770179d8d4e363e731 -> 14395a927aaa58c17afbfc10d0d33478
  custom:video-encoder-webm-vp8: eb34c28f22e8b96e1ab97ce403110664 -> 
========================================================================
Received Import Request.
  Time since last request: 696937.868549 seconds.
  path: Assets/HONETi/flat_gui_elements/panels/hint_arrow.png
  artifactKey: Guid(5ede5f1d04a7923489568f86932e01b9) Importer(815301076,1909f56bfc062723c751e8b465ee728b)
Start importing Assets/HONETi/flat_gui_elements/panels/hint_arrow.png using Guid(5ede5f1d04a7923489568f86932e01b9) Importer(815301076,1909f56bfc062723c751e8b465ee728b)  -> (artifact id: 'c282bfb12b7c02685e077afcfb4c9ca4') in 0.149683 seconds
Number of updated asset objects reloaded before import = 0
Number of asset objects unloaded after import = 3
========================================================================
Received Import Request.
  Time since last request: 0.000030 seconds.
  path: Assets/HONETi/flat_gui_elements/icons_ items/256x256px/arrow_left_2.png
  artifactKey: Guid(a248e3c1bcc816a43a47a2588c89ccc2) Importer(815301076,1909f56bfc062723c751e8b465ee728b)
Start importing Assets/HONETi/flat_gui_elements/icons_ items/256x256px/arrow_left_2.png using Guid(a248e3c1bcc816a43a47a2588c89ccc2) Importer(815301076,1909f56bfc062723c751e8b465ee728b)  -> (artifact id: 'c87de758942d4f81c1881610da11d2d5') in 0.027136 seconds
Number of updated asset objects reloaded before import = 0
Number of asset objects unloaded after import = 3
========================================================================
Received Import Request.
  Time since last request: 0.000017 seconds.
  path: Assets/HONETi/flat_gui_elements/icons_ items/512x512px/arrow_up_1.png
  artifactKey: Guid(bb54372999085b94da1d7cc1e00459ff) Importer(815301076,1909f56bfc062723c751e8b465ee728b)
Start importing Assets/HONETi/flat_gui_elements/icons_ items/512x512px/arrow_up_1.png using Guid(bb54372999085b94da1d7cc1e00459ff) Importer(815301076,1909f56bfc062723c751e8b465ee728b)  -> (artifact id: '71604acab6e606fdbb04f48322518000') in 0.027438 seconds
Number of updated asset objects reloaded before import = 0
Number of asset objects unloaded after import = 3
========================================================================
Received Import Request.
  Time since last request: 0.000031 seconds.
  path: Assets/HONETi/flat_gui_elements/icons_ items/32x32px/arrow_right_1.png
  artifactKey: Guid(d23e7335fd943b24ca6cccfd0ef1e996) Importer(815301076,1909f56bfc062723c751e8b465ee728b)
Start importing Assets/HONETi/flat_gui_elements/icons_ items/32x32px/arrow_right_1.png using Guid(d23e7335fd943b24ca6cccfd0ef1e996) Importer(815301076,1909f56bfc062723c751e8b465ee728b)  -> (artifact id: 'f626987ea066dd3ac6640b124d25b517') in 0.021118 seconds
Number of updated asset objects reloaded before import = 0
Number of asset objects unloaded after import = 3
========================================================================
Received Import Request.
  Time since last request: 0.000035 seconds.
  path: Assets/HONETi/flat_gui_elements/icons_ items/128x128px/arrow_down_2.png
  artifactKey: Guid(84443e6d23b07e6459275300b5813306) Importer(815301076,1909f56bfc062723c751e8b465ee728b)
Start importing Assets/HONETi/flat_gui_elements/icons_ items/128x128px/arrow_down_2.png using Guid(84443e6d23b07e6459275300b5813306) Importer(815301076,1909f56bfc062723c751e8b465ee728b)  -> (artifact id: '7a1825912ddbda9e18597d2973d2ffa6') in 0.023992 seconds
Number of updated asset objects reloaded before import = 0
Number of asset objects unloaded after import = 3
========================================================================
Received Import Request.
  Time since last request: 0.000017 seconds.
  path: Assets/HONETi/flat_gui_elements/icons_ items/256x256px/arrow_up_2.png
  artifactKey: Guid(ee4992c3a32ecbe478f21b6a590cb6cc) Importer(815301076,1909f56bfc062723c751e8b465ee728b)
Start importing Assets/HONETi/flat_gui_elements/icons_ items/256x256px/arrow_up_2.png using Guid(ee4992c3a32ecbe478f21b6a590cb6cc) Importer(815301076,1909f56bfc062723c751e8b465ee728b)  -> (artifact id: 'a2f72abe1aaf5a9906fcbaba2028c4c3') in 0.021845 seconds
Number of updated asset objects reloaded before import = 0
Number of asset objects unloaded after import = 3
========================================================================
Received Import Request.
  Time since last request: 0.000029 seconds.
  path: Assets/HONETi/flat_gui_elements/icons_ items/128x128px/arrow_left_1.png
  artifactKey: Guid(dc246a3fabe8bd447b97855f52e783fa) Importer(815301076,1909f56bfc062723c751e8b465ee728b)
Start importing Assets/HONETi/flat_gui_elements/icons_ items/128x128px/arrow_left_1.png using Guid(dc246a3fabe8bd447b97855f52e783fa) Importer(815301076,1909f56bfc062723c751e8b465ee728b)  -> (artifact id: '8b2323912080f58118148413d4a5d30e') in 0.019075 seconds
Number of updated asset objects reloaded before import = 0
Number of asset objects unloaded after import = 3
========================================================================
Received Import Request.
  Time since last request: 0.028325 seconds.
  path: Assets/HONETi/flat_gui_elements/icons_ items/128x128px/arrow_left_2.png
  artifactKey: Guid(9b9fd3fac97b5134080556637d1a2ae0) Importer(815301076,1909f56bfc062723c751e8b465ee728b)
Start importing Assets/HONETi/flat_gui_elements/icons_ items/128x128px/arrow_left_2.png using Guid(9b9fd3fac97b5134080556637d1a2ae0) Importer(815301076,1909f56bfc062723c751e8b465ee728b)  -> (artifact id: '9888ad5151127e94d381332ca9714f9b') in 0.020133 seconds
Number of updated asset objects reloaded before import = 0
Number of asset objects unloaded after import = 3
========================================================================
Received Import Request.
  Time since last request: 0.000015 seconds.
  path: Assets/HONETi/flat_gui_elements/icons_ items/512x512px/arrow_left_2.png
  artifactKey: Guid(f584bc5d436f74c41998e79f61fae8da) Importer(815301076,1909f56bfc062723c751e8b465ee728b)
Start importing Assets/HONETi/flat_gui_elements/icons_ items/512x512px/arrow_left_2.png using Guid(f584bc5d436f74c41998e79f61fae8da) Importer(815301076,1909f56bfc062723c751e8b465ee728b)  -> (artifact id: 'e6595a4469a5736b92de230b435bdd98') in 0.019836 seconds
Number of updated asset objects reloaded before import = 0
Number of asset objects unloaded after import = 3
========================================================================
Received Import Request.
  Time since last request: 0.000015 seconds.
  path: Assets/HONETi/flat_gui_elements/icons_ items/64x64px/arrow_down_2.png
  artifactKey: Guid(48ca026257509f54b8539ff617fe382f) Importer(815301076,1909f56bfc062723c751e8b465ee728b)
Start importing Assets/HONETi/flat_gui_elements/icons_ items/64x64px/arrow_down_2.png using Guid(48ca026257509f54b8539ff617fe382f) Importer(815301076,1909f56bfc062723c751e8b465ee728b)  -> (artifact id: 'c51fff960a7ef1e0425cfe0b7c9fa289') in 0.019381 seconds
Number of updated asset objects reloaded before import = 0
Number of asset objects unloaded after import = 3
========================================================================
Received Import Request.
  Time since last request: 0.000020 seconds.
  path: Assets/HONETi/flat_gui_elements/icons_ items/128x128px/arrow_up_1.png
  artifactKey: Guid(5b82ff27baa0da442bc475727b1b0522) Importer(815301076,1909f56bfc062723c751e8b465ee728b)
Start importing Assets/HONETi/flat_gui_elements/icons_ items/128x128px/arrow_up_1.png using Guid(5b82ff27baa0da442bc475727b1b0522) Importer(815301076,1909f56bfc062723c751e8b465ee728b)  -> (artifact id: '2aba17a2c5d5c6d115709c2059623938') in 0.021317 seconds
Number of updated asset objects reloaded before import = 0
Number of asset objects unloaded after import = 3
========================================================================
Received Import Request.
  Time since last request: 0.000020 seconds.
  path: Assets/HONETi/flat_gui_elements/icons_ items/512x512px/arrow_right_1.png
  artifactKey: Guid(652205b43b389dc47bbe14d747b32798) Importer(815301076,1909f56bfc062723c751e8b465ee728b)
Start importing Assets/HONETi/flat_gui_elements/icons_ items/512x512px/arrow_right_1.png using Guid(652205b43b389dc47bbe14d747b32798) Importer(815301076,1909f56bfc062723c751e8b465ee728b)  -> (artifact id: '94f9d8f95eeae87630fdb630aaf59c21') in 0.017713 seconds
Number of updated asset objects reloaded before import = 0
Number of asset objects unloaded after import = 3
========================================================================
Received Import Request.
  Time since last request: 0.707754 seconds.
  path: Assets/HONETi/flat_gui_elements/icons_ items/128x128px/arrow_down_1.png
  artifactKey: Guid(3f6f92853674f5a498c70d2ebfa9d5e6) Importer(815301076,1909f56bfc062723c751e8b465ee728b)
Start importing Assets/HONETi/flat_gui_elements/icons_ items/128x128px/arrow_down_1.png using Guid(3f6f92853674f5a498c70d2ebfa9d5e6) Importer(815301076,1909f56bfc062723c751e8b465ee728b)  -> (artifact id: '6266bd2d329c2956798d1caaa2de4603') in 0.016791 seconds
Number of updated asset objects reloaded before import = 0
Number of asset objects unloaded after import = 3
========================================================================
Received Import Request.
  Time since last request: 0.000023 seconds.
  path: Assets/HONETi/flat_gui_elements/icons_ items/256x256px/arrow_down_1.png
  artifactKey: Guid(5cdefc693e53ee3498dc152c178ab1c2) Importer(815301076,1909f56bfc062723c751e8b465ee728b)
Start importing Assets/HONETi/flat_gui_elements/icons_ items/256x256px/arrow_down_1.png using Guid(5cdefc693e53ee3498dc152c178ab1c2) Importer(815301076,1909f56bfc062723c751e8b465ee728b)  -> (artifact id: 'd160c31a3d06fbe54ea4aa57766fc0a6') in 0.017184 seconds
Number of updated asset objects reloaded before import = 0
Number of asset objects unloaded after import = 3
========================================================================
Received Import Request.
  Time since last request: 5.068290 seconds.
  path: Assets/HONETi/flat_gui_elements/icons_ items/256x256px/ammunition.png
  artifactKey: Guid(563cd47f05a5cc94ea0cc3aad008cccb) Importer(815301076,1909f56bfc062723c751e8b465ee728b)
Start importing Assets/HONETi/flat_gui_elements/icons_ items/256x256px/ammunition.png using Guid(563cd47f05a5cc94ea0cc3aad008cccb) Importer(815301076,1909f56bfc062723c751e8b465ee728b)  -> (artifact id: '0268329e33c88256ed3a7b7648582fe4') in 0.020946 seconds
Number of updated asset objects reloaded before import = 0
Number of asset objects unloaded after import = 3
========================================================================
Received Import Request.
  Time since last request: 0.000023 seconds.
  path: Assets/Flat RPG Icon Pack 1 Weapons/Pre-Made Rarities/Warhammer4.png
  artifactKey: Guid(1cd3466cddd375e429517ce1ea4aa2c6) Importer(815301076,1909f56bfc062723c751e8b465ee728b)
Start importing Assets/Flat RPG Icon Pack 1 Weapons/Pre-Made Rarities/Warhammer4.png using Guid(1cd3466cddd375e429517ce1ea4aa2c6) Importer(815301076,1909f56bfc062723c751e8b465ee728b)  -> (artifact id: '7834bb6f45886ecf1168b1e984d409de') in 0.029304 seconds
Number of updated asset objects reloaded before import = 0
Number of asset objects unloaded after import = 3
========================================================================
Received Import Request.
  Time since last request: 0.000020 seconds.
  path: Assets/Flat RPG Icon Pack 1 Weapons/Icon Elements/Warhammer_Icon.png
  artifactKey: Guid(197901951f8254646a58ea530c149598) Importer(815301076,1909f56bfc062723c751e8b465ee728b)
Start importing Assets/Flat RPG Icon Pack 1 Weapons/Icon Elements/Warhammer_Icon.png using Guid(197901951f8254646a58ea530c149598) Importer(815301076,1909f56bfc062723c751e8b465ee728b)  -> (artifact id: '09068300b232cd5f8fb386b98067811e') in 0.026178 seconds
Number of updated asset objects reloaded before import = 0
Number of asset objects unloaded after import = 3
========================================================================
Received Import Request.
  Time since last request: 0.000019 seconds.
  path: Assets/Flat RPG Icon Pack 1 Weapons/Pre-Made Rarities/Warhammer1.png
  artifactKey: Guid(fa9cca2412970aa4c98ac36411738330) Importer(815301076,1909f56bfc062723c751e8b465ee728b)
Start importing Assets/Flat RPG Icon Pack 1 Weapons/Pre-Made Rarities/Warhammer1.png using Guid(fa9cca2412970aa4c98ac36411738330) Importer(815301076,1909f56bfc062723c751e8b465ee728b)  -> (artifact id: 'c1b42a195439a7564176741d9e39e5c8') in 0.030654 seconds
Number of updated asset objects reloaded before import = 0
Number of asset objects unloaded after import = 3
========================================================================
Received Import Request.
  Time since last request: 0.000024 seconds.
  path: Assets/HONETi/flat_gui_elements/icons_ items/64x64px/hammer.png
  artifactKey: Guid(2f4ae910af5cab64fa9da94434c7892f) Importer(815301076,1909f56bfc062723c751e8b465ee728b)
Start importing Assets/HONETi/flat_gui_elements/icons_ items/64x64px/hammer.png using Guid(2f4ae910af5cab64fa9da94434c7892f) Importer(815301076,1909f56bfc062723c751e8b465ee728b)  -> (artifact id: 'b8dc85014843934b8d058a83c205f62d') in 0.019813 seconds
Number of updated asset objects reloaded before import = 0
Number of asset objects unloaded after import = 3
========================================================================
Received Import Request.
  Time since last request: 6.323348 seconds.
  path: Assets/HONETi/flat_gui_elements/icons_ items/256x256px/air.png
  artifactKey: Guid(e8e7228802c81984ab02dcca4ba39c51) Importer(815301076,1909f56bfc062723c751e8b465ee728b)
Start importing Assets/HONETi/flat_gui_elements/icons_ items/256x256px/air.png using Guid(e8e7228802c81984ab02dcca4ba39c51) Importer(815301076,1909f56bfc062723c751e8b465ee728b)  -> (artifact id: 'c54dcba421bf06f889aa3feaafe159ab') in 0.026634 seconds
Number of updated asset objects reloaded before import = 0
Number of asset objects unloaded after import = 3
========================================================================
Received Import Request.
  Time since last request: 0.000021 seconds.
  path: Assets/HONETi/flat_gui_elements/icons_ items/64x64px/air.png
  artifactKey: Guid(65371c0d79fd34c448dce091a05157d9) Importer(815301076,1909f56bfc062723c751e8b465ee728b)
Start importing Assets/HONETi/flat_gui_elements/icons_ items/64x64px/air.png using Guid(65371c0d79fd34c448dce091a05157d9) Importer(815301076,1909f56bfc062723c751e8b465ee728b)  -> (artifact id: 'e805022d18bfe1dc6a20837463af2c78') in 0.022586 seconds
Number of updated asset objects reloaded before import = 0
Number of asset objects unloaded after import = 3
========================================================================
Received Import Request.
  Time since last request: 1.135893 seconds.
  path: Assets/HONETi/flat_gui_elements/icons_ items/128x128px/quiver.png
  artifactKey: Guid(ad00f3439158b82498264d3db02079c2) Importer(815301076,1909f56bfc062723c751e8b465ee728b)
Start importing Assets/HONETi/flat_gui_elements/icons_ items/128x128px/quiver.png using Guid(ad00f3439158b82498264d3db02079c2) Importer(815301076,1909f56bfc062723c751e8b465ee728b)  -> (artifact id: '824e0f514b30fc8da0385b9d86f8a09f') in 0.021725 seconds
Number of updated asset objects reloaded before import = 0
Number of asset objects unloaded after import = 3
========================================================================
Received Import Request.
  Time since last request: 0.000017 seconds.
  path: Assets/HONETi/flat_gui_elements/icons_ items/512x512px/quiver.png
  artifactKey: Guid(3bea1d0ff55d4664fa901b8fcd212dd8) Importer(815301076,1909f56bfc062723c751e8b465ee728b)
Start importing Assets/HONETi/flat_gui_elements/icons_ items/512x512px/quiver.png using Guid(3bea1d0ff55d4664fa901b8fcd212dd8) Importer(815301076,1909f56bfc062723c751e8b465ee728b)  -> (artifact id: 'f65583e5b829140eab9abb113e01e7d6') in 0.020873 seconds
Number of updated asset objects reloaded before import = 0
Number of asset objects unloaded after import = 3
========================================================================
Received Import Request.
  Time since last request: 11.887957 seconds.
  path: Assets/YAFUI/Icons/png128/format-header-3.png
  artifactKey: Guid(2126543f6d57d9e48bec50d0407964b0) Importer(815301076,1909f56bfc062723c751e8b465ee728b)
Start importing Assets/YAFUI/Icons/png128/format-header-3.png using Guid(2126543f6d57d9e48bec50d0407964b0) Importer(815301076,1909f56bfc062723c751e8b465ee728b)  -> (artifact id: '9bca7f60ed0b74dbe54eafcd2ccf04ff') in 0.022503 seconds
Number of updated asset objects reloaded before import = 0
Number of asset objects unloaded after import = 3
========================================================================
Received Import Request.
  Time since last request: 0.000016 seconds.
  path: Assets/YAFUI/Icons/png128/format-header-6.png
  artifactKey: Guid(9246c5e8881f29d4497f85479fe5f176) Importer(815301076,1909f56bfc062723c751e8b465ee728b)
Start importing Assets/YAFUI/Icons/png128/format-header-6.png using Guid(9246c5e8881f29d4497f85479fe5f176) Importer(815301076,1909f56bfc062723c751e8b465ee728b)  -> (artifact id: '68c7ceb6d2eef849aafd71725e15cec1') in 0.021638 seconds
Number of updated asset objects reloaded before import = 0
Number of asset objects unloaded after import = 3
========================================================================
Received Import Request.
  Time since last request: 0.001594 seconds.
  path: Assets/YAFUI/Icons/png128/format-header-increase.png
  artifactKey: Guid(566282198eb469b4ab37018bc4698660) Importer(815301076,1909f56bfc062723c751e8b465ee728b)
Start importing Assets/YAFUI/Icons/png128/format-header-increase.png using Guid(566282198eb469b4ab37018bc4698660) Importer(815301076,1909f56bfc062723c751e8b465ee728b)  -> (artifact id: 'e18b2ce66a3870a10e57ca6c7c3fce4d') in 0.022753 seconds
Number of updated asset objects reloaded before import = 0
Number of asset objects unloaded after import = 3
========================================================================
Received Import Request.
  Time since last request: 0.000022 seconds.
  path: Assets/YAFUI/Icons/png128/headphones.png
  artifactKey: Guid(cee9b38438b2c244e90806c9f998174a) Importer(815301076,1909f56bfc062723c751e8b465ee728b)
Start importing Assets/YAFUI/Icons/png128/headphones.png using Guid(cee9b38438b2c244e90806c9f998174a) Importer(815301076,1909f56bfc062723c751e8b465ee728b)  -> (artifact id: 'b1acc6d3858dc5985fbbb369f4f3800a') in 0.019191 seconds
Number of updated asset objects reloaded before import = 0
Number of asset objects unloaded after import = 3
========================================================================
Received Import Request.
  Time since last request: 0.000030 seconds.
  path: Assets/YAFUI/Icons/png128/headphones-settings.png
  artifactKey: Guid(a4b542028204edc40994c7df1875d413) Importer(815301076,1909f56bfc062723c751e8b465ee728b)
Start importing Assets/YAFUI/Icons/png128/headphones-settings.png using Guid(a4b542028204edc40994c7df1875d413) Importer(815301076,1909f56bfc062723c751e8b465ee728b)  -> (artifact id: '63d085bdfaba4e12399a44031918c4f0') in 0.018441 seconds
Number of updated asset objects reloaded before import = 0
Number of asset objects unloaded after import = 3
========================================================================
Received Import Request.
  Time since last request: 0.000022 seconds.
  path: Assets/UMA/Content/Core/HumanFemale/RaceData/HumanFemale BaseThumbs/HumanFemaleHeadSkin.png
  artifactKey: Guid(ecadaada9dd71a946923ce1576e25862) Importer(815301076,1909f56bfc062723c751e8b465ee728b)
Start importing Assets/UMA/Content/Core/HumanFemale/RaceData/HumanFemale BaseThumbs/HumanFemaleHeadSkin.png using Guid(ecadaada9dd71a946923ce1576e25862) Importer(815301076,1909f56bfc062723c751e8b465ee728b)  -> (artifact id: 'bbbf4372f44106bf79d0e4b1a08dd893') in 0.024075 seconds
Number of updated asset objects reloaded before import = 0
Number of asset objects unloaded after import = 3
========================================================================
Received Import Request.
  Time since last request: 0.000016 seconds.
  path: Assets/UMA/Content/Core/HumanFemale/RaceData/HumanGirl BaseThumbs/HumanGirlHeadSkin.png
  artifactKey: Guid(1550614af86fead4b9d72c0eea8235ef) Importer(815301076,1909f56bfc062723c751e8b465ee728b)
Start importing Assets/UMA/Content/Core/HumanFemale/RaceData/HumanGirl BaseThumbs/HumanGirlHeadSkin.png using Guid(1550614af86fead4b9d72c0eea8235ef) Importer(815301076,1909f56bfc062723c751e8b465ee728b)  -> (artifact id: '4f139e87d39f577611b7f4f29b20c549') in 0.019228 seconds
Number of updated asset objects reloaded before import = 0
Number of asset objects unloaded after import = 3
========================================================================
Received Import Request.
  Time since last request: 4.514308 seconds.
  path: Assets/HONETi/flat_gui_elements/icons_ items/32x32px/helmet.png
  artifactKey: Guid(4ac4c45896c82c14fb7a88cd6c661c2e) Importer(815301076,1909f56bfc062723c751e8b465ee728b)
Start importing Assets/HONETi/flat_gui_elements/icons_ items/32x32px/helmet.png using Guid(4ac4c45896c82c14fb7a88cd6c661c2e) Importer(815301076,1909f56bfc062723c751e8b465ee728b)  -> (artifact id: 'ada616cc697bd22f6fc7419488331ed6') in 0.022010 seconds
Number of updated asset objects reloaded before import = 0
Number of asset objects unloaded after import = 3
========================================================================
Received Import Request.
  Time since last request: 0.000019 seconds.
  path: Assets/HONETi/flat_gui_elements/icons_ items/128x128px/helmet.png
  artifactKey: Guid(ea71342540301524596adc82bf6fddd7) Importer(815301076,1909f56bfc062723c751e8b465ee728b)
Start importing Assets/HONETi/flat_gui_elements/icons_ items/128x128px/helmet.png using Guid(ea71342540301524596adc82bf6fddd7) Importer(815301076,1909f56bfc062723c751e8b465ee728b)  -> (artifact id: 'e2cbfd713a10edb711b0644149597ef8') in 0.023521 seconds
Number of updated asset objects reloaded before import = 0
Number of asset objects unloaded after import = 3
========================================================================
Received Import Request.
  Time since last request: 7.335811 seconds.
  path: Assets/YAFUI/Icons/png128/heart.png
  artifactKey: Guid(8e041628487c0bc46990e92f4bad0f95) Importer(815301076,1909f56bfc062723c751e8b465ee728b)
Start importing Assets/YAFUI/Icons/png128/heart.png using Guid(8e041628487c0bc46990e92f4bad0f95) Importer(815301076,1909f56bfc062723c751e8b465ee728b)  -> (artifact id: '979dd50d6c39d7836c1bd18b95e727cb') in 0.022819 seconds
Number of updated asset objects reloaded before import = 0
Number of asset objects unloaded after import = 3
========================================================================
Received Import Request.
  Time since last request: 0.000022 seconds.
  path: Assets/Cainos/Pixel Art Icon Pack - RPG/Texture/Misc/Heart.png
  artifactKey: Guid(87a7c4321fd50514c8e41d6779a071da) Importer(815301076,1909f56bfc062723c751e8b465ee728b)
Start importing Assets/Cainos/Pixel Art Icon Pack - RPG/Texture/Misc/Heart.png using Guid(87a7c4321fd50514c8e41d6779a071da) Importer(815301076,1909f56bfc062723c751e8b465ee728b)  -> (artifact id: 'c90e7fd3ba8fa8dc7d8a35a52cb0ef2f') in 0.026179 seconds
Number of updated asset objects reloaded before import = 0
Number of asset objects unloaded after import = 3
========================================================================
Received Import Request.
  Time since last request: 0.000033 seconds.
  path: Assets/YAFUI/Icons/png128/heart-half-outline.png
  artifactKey: Guid(9ee13e5a9053fae47983f0667c14d167) Importer(815301076,1909f56bfc062723c751e8b465ee728b)
Start importing Assets/YAFUI/Icons/png128/heart-half-outline.png using Guid(9ee13e5a9053fae47983f0667c14d167) Importer(815301076,1909f56bfc062723c751e8b465ee728b)  -> (artifact id: 'dea3c522e556dadb76d45daa61e64f1a') in 0.021767 seconds
Number of updated asset objects reloaded before import = 0
Number of asset objects unloaded after import = 3
========================================================================
Received Import Request.
  Time since last request: 0.000020 seconds.
  path: Assets/YAFUI/Icons/png128/heart-pulse.png
  artifactKey: Guid(31d010f8c0bcb724aa1053b6d2d63a9a) Importer(815301076,1909f56bfc062723c751e8b465ee728b)
Start importing Assets/YAFUI/Icons/png128/heart-pulse.png using Guid(31d010f8c0bcb724aa1053b6d2d63a9a) Importer(815301076,1909f56bfc062723c751e8b465ee728b)  -> (artifact id: '5cb7542c4c49de8b05b7f94bbe5527a6') in 0.020282 seconds
Number of updated asset objects reloaded before import = 0
Number of asset objects unloaded after import = 3
========================================================================
Received Import Request.
  Time since last request: 0.000022 seconds.
  path: Assets/YAFUI/Icons/png128/heart-box-outline.png
  artifactKey: Guid(911d37ce410f5f146abac60050f1d9fe) Importer(815301076,1909f56bfc062723c751e8b465ee728b)
Start importing Assets/YAFUI/Icons/png128/heart-box-outline.png using Guid(911d37ce410f5f146abac60050f1d9fe) Importer(815301076,1909f56bfc062723c751e8b465ee728b)  -> (artifact id: 'edc84689758468aa60ac24e0c43e9b44') in 0.020776 seconds
Number of updated asset objects reloaded before import = 0
Number of asset objects unloaded after import = 3
========================================================================
Received Import Request.
  Time since last request: 0.000045 seconds.
  path: Assets/YAFUI/Icons/png128/heart-outline.png
  artifactKey: Guid(9133811266e79c748af5b0c636d1c82c) Importer(815301076,1909f56bfc062723c751e8b465ee728b)
Start importing Assets/YAFUI/Icons/png128/heart-outline.png using Guid(9133811266e79c748af5b0c636d1c82c) Importer(815301076,1909f56bfc062723c751e8b465ee728b)  -> (artifact id: '0f24cdff6e921477fd8dbb6a963a62d2') in 0.020711 seconds
Number of updated asset objects reloaded before import = 0
Number of asset objects unloaded after import = 3
========================================================================
Received Import Request.
  Time since last request: 0.000014 seconds.
  path: Assets/HONETi/flat_gui_elements/additional_texture_sizes/panels/hint_bg.png
  artifactKey: Guid(2642a96c243dc5a4faecdae0a9da1a74) Importer(815301076,1909f56bfc062723c751e8b465ee728b)
Start importing Assets/HONETi/flat_gui_elements/additional_texture_sizes/panels/hint_bg.png using Guid(2642a96c243dc5a4faecdae0a9da1a74) Importer(815301076,1909f56bfc062723c751e8b465ee728b)  -> (artifact id: 'd2b5a711b94390b5a87da8bdb88d447b') in 0.019530 seconds
Number of updated asset objects reloaded before import = 0
Number of asset objects unloaded after import = 3
========================================================================
Received Import Request.
  Time since last request: 0.000024 seconds.
  path: Assets/HONETi/flat_gui_elements/icons_ items/512x512px/home.png
  artifactKey: Guid(5e3593ddd97094c48ab9dc3aa06cecad) Importer(815301076,1909f56bfc062723c751e8b465ee728b)
Start importing Assets/HONETi/flat_gui_elements/icons_ items/512x512px/home.png using Guid(5e3593ddd97094c48ab9dc3aa06cecad) Importer(815301076,1909f56bfc062723c751e8b465ee728b)  -> (artifact id: '42b390beec04eb0cb7ae443d62447297') in 0.020873 seconds
Number of updated asset objects reloaded before import = 0
Number of asset objects unloaded after import = 3
========================================================================
Received Import Request.
  Time since last request: 0.000027 seconds.
  path: Assets/YAFUI/Icons/png128/home-automation.png
  artifactKey: Guid(d2eb25c98a7df374d80dfb979fcdedd4) Importer(815301076,1909f56bfc062723c751e8b465ee728b)
Start importing Assets/YAFUI/Icons/png128/home-automation.png using Guid(d2eb25c98a7df374d80dfb979fcdedd4) Importer(815301076,1909f56bfc062723c751e8b465ee728b)  -> (artifact id: '6c81790f112be52abc06e13b7c14bf9d') in 0.024140 seconds
Number of updated asset objects reloaded before import = 0
Number of asset objects unloaded after import = 3
========================================================================
Received Import Request.
  Time since last request: 0.000019 seconds.
  path: Assets/HONETi/flat_gui_elements/icons_ items/128x128px/home.png
  artifactKey: Guid(45c01005e4ff0574d90e962b2da37bac) Importer(815301076,1909f56bfc062723c751e8b465ee728b)
Start importing Assets/HONETi/flat_gui_elements/icons_ items/128x128px/home.png using Guid(45c01005e4ff0574d90e962b2da37bac) Importer(815301076,1909f56bfc062723c751e8b465ee728b)  -> (artifact id: 'e6ae9a6c28885f43250d6f4b38a1af51') in 0.021127 seconds
Number of updated asset objects reloaded before import = 0
Number of asset objects unloaded after import = 3
========================================================================
Received Import Request.
  Time since last request: 0.000019 seconds.
  path: Assets/HONETi/flat_gui_elements/icons_ items/32x32px/help.png
  artifactKey: Guid(6c87100e32c29254d83a69394b7d6d7f) Importer(815301076,1909f56bfc062723c751e8b465ee728b)
Start importing Assets/HONETi/flat_gui_elements/icons_ items/32x32px/help.png using Guid(6c87100e32c29254d83a69394b7d6d7f) Importer(815301076,1909f56bfc062723c751e8b465ee728b)  -> (artifact id: 'b1b143e83517f776669bdd2c41cd8b45') in 0.021061 seconds
Number of updated asset objects reloaded before import = 0
Number of asset objects unloaded after import = 3
========================================================================
Received Import Request.
  Time since last request: 0.000018 seconds.
  path: Assets/HONETi/flat_gui_elements/icons_ items/128x128px/help.png
  artifactKey: Guid(b8ba7e38d03b26c4790d720ee55c009d) Importer(815301076,1909f56bfc062723c751e8b465ee728b)
Start importing Assets/HONETi/flat_gui_elements/icons_ items/128x128px/help.png using Guid(b8ba7e38d03b26c4790d720ee55c009d) Importer(815301076,1909f56bfc062723c751e8b465ee728b)  -> (artifact id: '9159144e779d8f0cd14eab06c97d7cf3') in 0.019681 seconds
Number of updated asset objects reloaded before import = 0
Number of asset objects unloaded after import = 3
========================================================================
Received Import Request.
  Time since last request: 0.000016 seconds.
  path: Assets/YAFUI/Icons/png128/help-circle.png
  artifactKey: Guid(b80f6543d13256843a8e8560893d7dd7) Importer(815301076,1909f56bfc062723c751e8b465ee728b)
Start importing Assets/YAFUI/Icons/png128/help-circle.png using Guid(b80f6543d13256843a8e8560893d7dd7) Importer(815301076,1909f56bfc062723c751e8b465ee728b)  -> (artifact id: '87de00a6dd1dfeb16ec6310461addbc7') in 0.019113 seconds
Number of updated asset objects reloaded before import = 0
Number of asset objects unloaded after import = 3
========================================================================
Received Import Request.
  Time since last request: 0.000023 seconds.
  path: Assets/YAFUI/Icons/png128/home-assistant.png
  artifactKey: Guid(b07fec9f7f1e4f84faf93b90381245c7) Importer(815301076,1909f56bfc062723c751e8b465ee728b)
Start importing Assets/YAFUI/Icons/png128/home-assistant.png using Guid(b07fec9f7f1e4f84faf93b90381245c7) Importer(815301076,1909f56bfc062723c751e8b465ee728b)  -> (artifact id: 'e66f0b236618fa53f810675b40f8acec') in 0.020956 seconds
Number of updated asset objects reloaded before import = 0
Number of asset objects unloaded after import = 3
========================================================================
Received Import Request.
  Time since last request: 0.902556 seconds.
  path: Assets/HONETi/flat_gui_elements/icons_ items/512x512px/gun.png
  artifactKey: Guid(012af0083528c5e4b80bf0e03711596b) Importer(815301076,1909f56bfc062723c751e8b465ee728b)
Start importing Assets/HONETi/flat_gui_elements/icons_ items/512x512px/gun.png using Guid(012af0083528c5e4b80bf0e03711596b) Importer(815301076,1909f56bfc062723c751e8b465ee728b)  -> (artifact id: '7739fec94bbba80003c4b60907d2e4ad') in 0.019167 seconds
Number of updated asset objects reloaded before import = 0
Number of asset objects unloaded after import = 3
========================================================================
Received Import Request.
  Time since last request: 6.197812 seconds.
  path: Assets/HONETi/flat_gui_elements/icons_ items/128x128px/radio.png
  artifactKey: Guid(215ef982b6111d7448f8355b6c46ab46) Importer(815301076,1909f56bfc062723c751e8b465ee728b)
Start importing Assets/HONETi/flat_gui_elements/icons_ items/128x128px/radio.png using Guid(215ef982b6111d7448f8355b6c46ab46) Importer(815301076,1909f56bfc062723c751e8b465ee728b)  -> (artifact id: '25a3faf4da271d85494e5261219932cb') in 0.020153 seconds
Number of updated asset objects reloaded before import = 0
Number of asset objects unloaded after import = 3
========================================================================
Received Import Request.
  Time since last request: 0.000014 seconds.
  path: Assets/HONETi/flat_gui_elements/additional_texture_sizes/buttons/other/radio_checkmark.png
  artifactKey: Guid(b1511f259df24364b9e0bb73f6ca7b1a) Importer(815301076,1909f56bfc062723c751e8b465ee728b)
Start importing Assets/HONETi/flat_gui_elements/additional_texture_sizes/buttons/other/radio_checkmark.png using Guid(b1511f259df24364b9e0bb73f6ca7b1a) Importer(815301076,1909f56bfc062723c751e8b465ee728b)  -> (artifact id: 'd57f4d80f6357c2ce046238746386cbf') in 0.021472 seconds
Number of updated asset objects reloaded before import = 0
Number of asset objects unloaded after import = 3
========================================================================
Received Import Request.
  Time since last request: 0.000023 seconds.
  path: Assets/HONETi/flat_gui_elements/icons_ items/64x64px/radio.png
  artifactKey: Guid(f8b4bb84b27eadb4093b4a5c704ce509) Importer(815301076,1909f56bfc062723c751e8b465ee728b)
Start importing Assets/HONETi/flat_gui_elements/icons_ items/64x64px/radio.png using Guid(f8b4bb84b27eadb4093b4a5c704ce509) Importer(815301076,1909f56bfc062723c751e8b465ee728b)  -> (artifact id: '46d59b9f5f0570ad1fd7437f23547a2a') in 0.015935 seconds
Number of updated asset objects reloaded before import = 0
Number of asset objects unloaded after import = 3
========================================================================
Received Import Request.
  Time since last request: 76.504143 seconds.
  path: Assets/CleanFlatIcon/png_128/icon_line/icon_line_sport/icon_line_sport_73.png
  artifactKey: Guid(451ce272853da6543860091a220f9929) Importer(815301076,1909f56bfc062723c751e8b465ee728b)
Start importing Assets/CleanFlatIcon/png_128/icon_line/icon_line_sport/icon_line_sport_73.png using Guid(451ce272853da6543860091a220f9929) Importer(815301076,1909f56bfc062723c751e8b465ee728b)  -> (artifact id: '962d36dea36715128826effdf8ab0aa2') in 0.022147 seconds
Number of updated asset objects reloaded before import = 0
Number of asset objects unloaded after import = 3
========================================================================
Received Import Request.
  Time since last request: 0.000016 seconds.
  path: Assets/CleanFlatIcon/png_128/icon_line/icon_line_sport/icon_line_sport_76.png
  artifactKey: Guid(b80fba9d170d0024ba5d04a1b6c8df48) Importer(815301076,1909f56bfc062723c751e8b465ee728b)
Start importing Assets/CleanFlatIcon/png_128/icon_line/icon_line_sport/icon_line_sport_76.png using Guid(b80fba9d170d0024ba5d04a1b6c8df48) Importer(815301076,1909f56bfc062723c751e8b465ee728b)  -> (artifact id: '82048752ce8c278117632794e4f7efb2') in 0.017496 seconds
Number of updated asset objects reloaded before import = 0
Number of asset objects unloaded after import = 3
========================================================================
Received Import Request.
  Time since last request: 0.000017 seconds.
  path: Assets/CleanFlatIcon/png_128/icon_line/icon_line_sport/icon_line_sport_77.png
  artifactKey: Guid(f4d0188fbcadd454eac40a224cefb09c) Importer(815301076,1909f56bfc062723c751e8b465ee728b)
Start importing Assets/CleanFlatIcon/png_128/icon_line/icon_line_sport/icon_line_sport_77.png using Guid(f4d0188fbcadd454eac40a224cefb09c) Importer(815301076,1909f56bfc062723c751e8b465ee728b)  -> (artifact id: '721f3b223d2bb731a29abde9c00166fc') in 0.023128 seconds
Number of updated asset objects reloaded before import = 0
Number of asset objects unloaded after import = 3
========================================================================
Received Import Request.
  Time since last request: 0.000021 seconds.
  path: Assets/CleanFlatIcon/png_128/icon_line/icon_line_sport/icon_line_sport_80.png
  artifactKey: Guid(c3a2c3b7f4965b849b412a8448dc0750) Importer(815301076,1909f56bfc062723c751e8b465ee728b)
Start importing Assets/CleanFlatIcon/png_128/icon_line/icon_line_sport/icon_line_sport_80.png using Guid(c3a2c3b7f4965b849b412a8448dc0750) Importer(815301076,1909f56bfc062723c751e8b465ee728b) 